{"/Users/rg/dev/opensea-js/test/integration/getAccount.spec.ts":{"path":"/Users/rg/dev/opensea-js/test/integration/getAccount.spec.ts","statementMap":{"0":{"start":{"line":2,"column":0},"end":{"line":2,"column":62}},"1":{"start":{"line":3,"column":15},"end":{"line":3,"column":30}},"2":{"start":{"line":4,"column":16},"end":{"line":4,"column":32}},"3":{"start":{"line":5,"column":16},"end":{"line":5,"column":34}},"4":{"start":{"line":6,"column":0},"end":{"line":13,"column":3}},"5":{"start":{"line":7,"column":4},"end":{"line":12,"column":7}},"6":{"start":{"line":8,"column":24},"end":{"line":8,"column":68}},"7":{"start":{"line":9,"column":24},"end":{"line":9,"column":65}},"8":{"start":{"line":10,"column":8},"end":{"line":10,"column":66}},"9":{"start":{"line":11,"column":8},"end":{"line":11,"column":78}}},"fnMap":{"0":{"name":"(anonymous_0)","decl":{"start":{"line":6,"column":38},"end":{"line":6,"column":39}},"loc":{"start":{"line":6,"column":44},"end":{"line":13,"column":1}},"line":6},"1":{"name":"(anonymous_1)","decl":{"start":{"line":7,"column":37},"end":{"line":7,"column":38}},"loc":{"start":{"line":7,"column":49},"end":{"line":12,"column":5}},"line":7}},"branchMap":{},"s":{"0":1,"1":1,"2":1,"3":1,"4":1,"5":1,"6":1,"7":1,"8":1,"9":1},"f":{"0":1,"1":1},"b":{},"inputSourceMap":{"version":3,"file":"/Users/rg/dev/opensea-js/test/integration/getAccount.spec.ts","sources":["/Users/rg/dev/opensea-js/test/integration/getAccount.spec.ts"],"names":[],"mappings":";;AAAA,+BAA8B;AAC9B,iCAAoC;AACpC,mCAA8B;AAE9B,IAAA,aAAK,EAAC,iBAAiB,EAAE,GAAG,EAAE;IAC5B,IAAA,YAAI,EAAC,aAAa,EAAE,KAAK,IAAI,EAAE;QAC7B,MAAM,OAAO,GAAG,4CAA4C,CAAC;QAC7D,MAAM,OAAO,GAAG,MAAM,WAAG,CAAC,GAAG,CAAC,UAAU,CAAC,OAAO,CAAC,CAAC;QAElD,IAAA,aAAM,EAAC,OAAO,EAAE,4BAA4B,CAAC,CAAC;QAC9C,aAAM,CAAC,KAAK,CAAC,OAAO,CAAC,OAAO,EAAE,OAAO,EAAE,sBAAsB,CAAC,CAAC;IACjE,CAAC,CAAC,CAAC;AACL,CAAC,CAAC,CAAC","sourcesContent":["import { assert } from \"chai\";\nimport { suite, test } from \"mocha\";\nimport { sdk } from \"./setup\";\n\nsuite(\"SDK: getAccount\", () => {\n  test(\"Get Account\", async () => {\n    const address = \"0xfba662e1a8e91a350702cf3b87d0c2d2fb4ba57f\";\n    const account = await sdk.api.getAccount(address);\n\n    assert(account, \"Account should not be null\");\n    assert.equal(account.address, address, \"Address should match\");\n  });\n});\n"]},"_coverageSchema":"1a1c01bbd47fc00a2c39e90264f33305004495a9","hash":"33bb041947da4aa70dd2a305c74bd123a46a7660","contentHash":"14e2b56449d11d29dc2b290edae2f87426c350b8decf75df8f3170cf9f0f7652"},"/Users/rg/dev/opensea-js/test/integration/setup.ts":{"path":"/Users/rg/dev/opensea-js/test/integration/setup.ts","statementMap":{"0":{"start":{"line":2,"column":0},"end":{"line":2,"column":62}},"1":{"start":{"line":3,"column":0},"end":{"line":3,"column":231}},"2":{"start":{"line":4,"column":17},"end":{"line":4,"column":34}},"3":{"start":{"line":5,"column":14},"end":{"line":5,"column":38}},"4":{"start":{"line":6,"column":16},"end":{"line":6,"column":42}},"5":{"start":{"line":7,"column":20},"end":{"line":7,"column":49}},"6":{"start":{"line":8,"column":0},"end":{"line":12,"column":1}},"7":{"start":{"line":9,"column":4},"end":{"line":11,"column":5}},"8":{"start":{"line":10,"column":8},"end":{"line":10,"column":71}},"9":{"start":{"line":13,"column":0},"end":{"line":13,"column":72}},"10":{"start":{"line":14,"column":0},"end":{"line":14,"column":59}},"11":{"start":{"line":15,"column":0},"end":{"line":15,"column":80}},"12":{"start":{"line":16,"column":0},"end":{"line":16,"column":67}},"13":{"start":{"line":17,"column":0},"end":{"line":17,"column":60}},"14":{"start":{"line":18,"column":0},"end":{"line":18,"column":46}},"15":{"start":{"line":19,"column":22},"end":{"line":19,"column":111}},"16":{"start":{"line":20,"column":22},"end":{"line":20,"column":111}},"17":{"start":{"line":21,"column":0},"end":{"line":21,"column":46}},"18":{"start":{"line":22,"column":0},"end":{"line":25,"column":47}},"19":{"start":{"line":25,"column":13},"end":{"line":25,"column":45}},"20":{"start":{"line":26,"column":0},"end":{"line":29,"column":47}},"21":{"start":{"line":29,"column":13},"end":{"line":29,"column":45}}},"fnMap":{"0":{"name":"(anonymous_0)","decl":{"start":{"line":25,"column":3},"end":{"line":25,"column":4}},"loc":{"start":{"line":25,"column":13},"end":{"line":25,"column":45}},"line":25},"1":{"name":"(anonymous_1)","decl":{"start":{"line":29,"column":3},"end":{"line":29,"column":4}},"loc":{"start":{"line":29,"column":13},"end":{"line":29,"column":45}},"line":29}},"branchMap":{"0":{"loc":{"start":{"line":9,"column":4},"end":{"line":11,"column":5}},"type":"if","locations":[{"start":{"line":9,"column":4},"end":{"line":11,"column":5}},{"start":{},"end":{}}],"line":9},"1":{"loc":{"start":{"line":17,"column":25},"end":{"line":17,"column":59}},"type":"binary-expr","locations":[{"start":{"line":17,"column":25},"end":{"line":17,"column":51}},{"start":{"line":17,"column":55},"end":{"line":17,"column":59}}],"line":17}},"s":{"0":1,"1":1,"2":1,"3":1,"4":1,"5":1,"6":1,"7":1,"8":0,"9":1,"10":1,"11":1,"12":1,"13":1,"14":1,"15":1,"16":1,"17":1,"18":1,"19":0,"20":1,"21":0},"f":{"0":0,"1":0},"b":{"0":[0,1],"1":[1,1]},"inputSourceMap":{"version":3,"file":"/Users/rg/dev/opensea-js/test/integration/setup.ts","sources":["/Users/rg/dev/opensea-js/test/integration/setup.ts"],"names":[],"mappings":";;;AAAA,mCAAgC;AAChC,uCAA2C;AAC3C,2CAAwC;AACxC,kDAK4B;AAE5B,KAAK,MAAM,MAAM,IAAI,CAAC,iBAAiB,CAAC,EAAE,CAAC;IACzC,IAAI,CAAC,OAAO,CAAC,GAAG,CAAC,MAAM,CAAC,EAAE,CAAC;QACzB,MAAM,IAAI,KAAK,CAAC,GAAG,MAAM,oCAAoC,CAAC,CAAC;IACjE,CAAC;AACH,CAAC;AAEY,QAAA,qBAAqB,GAAG,OAAO,CAAC,GAAG,CAAC,2BAA2B,CAAC;AAChE,QAAA,gBAAgB,GAAG,OAAO,CAAC,GAAG,CAAC,mBAAmB,CAAC;AACnD,QAAA,qBAAqB,GAChC,OAAO,CAAC,GAAG,CAAC,mCAAmC,CAAC;AACrC,QAAA,gBAAgB,GAAG,OAAO,CAAC,GAAG,CAAC,2BAA2B,CAAC;AAC3D,QAAA,cAAc,GAAG,OAAO,CAAC,GAAG,CAAC,cAAc,IAAI,IAAI,CAAC;AACpD,QAAA,WAAW,GAAG,OAAO,CAAC,GAAG,CAAC,WAAW,CAAC;AAEnD,MAAM,aAAa,GAAG,IAAI,eAAM,CAAC,MAAM,CACrC,2BAAyB,EACzB,gCAAoB,CACrB,CAAC;AACF,MAAM,aAAa,GAAG,IAAI,eAAM,CAAC,MAAM,CACrC,2BAAyB,EACzB,gCAAoB,CACrB,CAAC;AACW,QAAA,aAAa,GAAG,aAAa,CAAC,OAAO,CAAC;AAEtC,QAAA,GAAG,GAAG,IAAI,gBAAU,CAC/B,aAAa,EACb;IACE,KAAK,EAAE,aAAK,CAAC,OAAO;IACpB,MAAM,EAAE,2BAAe;CACxB,EACD,CAAC,IAAI,EAAE,EAAE,CAAC,OAAO,CAAC,IAAI,CAAC,YAAY,IAAI,EAAE,CAAC,CAC3C,CAAC;AAEW,QAAA,UAAU,GAAG,IAAI,gBAAU,CACtC,aAAa,EACb;IACE,KAAK,EAAE,aAAK,CAAC,OAAO;IACpB,MAAM,EAAE,2BAAe;CACxB,EACD,CAAC,IAAI,EAAE,EAAE,CAAC,OAAO,CAAC,IAAI,CAAC,YAAY,IAAI,EAAE,CAAC,CAC3C,CAAC","sourcesContent":["import { ethers } from \"ethers\";\nimport { OpenSeaSDK } from \"../../src/sdk\";\nimport { Chain } from \"../../src/types\";\nimport {\n  OPENSEA_API_KEY,\n  RPC_PROVIDER_MAINNET,\n  RPC_PROVIDER_POLYGON,\n  WALLET_PRIV_KEY,\n} from \"../utils/constants\";\n\nfor (const envVar of [\"WALLET_PRIV_KEY\"]) {\n  if (!process.env[envVar]) {\n    throw new Error(`${envVar} must be set for integration tests`);\n  }\n}\n\nexport const TOKEN_ADDRESS_MAINNET = process.env.SELL_ORDER_CONTRACT_ADDRESS;\nexport const TOKEN_ID_MAINNET = process.env.SELL_ORDER_TOKEN_ID;\nexport const TOKEN_ADDRESS_POLYGON =\n  process.env.SELL_ORDER_CONTRACT_ADDRESS_POLYGON;\nexport const TOKEN_ID_POLYGON = process.env.SELL_ORDER_TOKEN_ID_POLYGON;\nexport const LISTING_AMOUNT = process.env.LISTING_AMOUNT ?? \"40\";\nexport const ETH_TO_WRAP = process.env.ETH_TO_WRAP;\n\nconst walletMainnet = new ethers.Wallet(\n  WALLET_PRIV_KEY as string,\n  RPC_PROVIDER_MAINNET,\n);\nconst walletPolygon = new ethers.Wallet(\n  WALLET_PRIV_KEY as string,\n  RPC_PROVIDER_POLYGON,\n);\nexport const walletAddress = walletMainnet.address;\n\nexport const sdk = new OpenSeaSDK(\n  walletMainnet,\n  {\n    chain: Chain.Mainnet,\n    apiKey: OPENSEA_API_KEY,\n  },\n  (line) => console.info(`MAINNET: ${line}`),\n);\n\nexport const sdkPolygon = new OpenSeaSDK(\n  walletPolygon,\n  {\n    chain: Chain.Polygon,\n    apiKey: OPENSEA_API_KEY,\n  },\n  (line) => console.info(`POLYGON: ${line}`),\n);\n"]},"_coverageSchema":"1a1c01bbd47fc00a2c39e90264f33305004495a9","hash":"42db14c9fba2aa1fe4f581f9276bd4c9ca36c1fb","contentHash":"b57a92e31e46fa3d4c98af05b10b7d8b8bd97292744f99fd98a666903cd04aba"},"/Users/rg/dev/opensea-js/src/sdk.ts":{"path":"/Users/rg/dev/opensea-js/src/sdk.ts","statementMap":{"0":{"start":{"line":2,"column":0},"end":{"line":2,"column":62}},"1":{"start":{"line":3,"column":0},"end":{"line":3,"column":28}},"2":{"start":{"line":4,"column":21},"end":{"line":4,"column":38}},"3":{"start":{"line":5,"column":21},"end":{"line":5,"column":51}},"4":{"start":{"line":6,"column":20},"end":{"line":6,"column":64}},"5":{"start":{"line":7,"column":17},"end":{"line":7,"column":34}},"6":{"start":{"line":8,"column":14},"end":{"line":8,"column":34}},"7":{"start":{"line":9,"column":20},"end":{"line":9,"column":42}},"8":{"start":{"line":10,"column":26},"end":{"line":10,"column":61}},"9":{"start":{"line":11,"column":16},"end":{"line":11,"column":41}},"10":{"start":{"line":12,"column":16},"end":{"line":12,"column":41}},"11":{"start":{"line":13,"column":20},"end":{"line":13,"column":52}},"12":{"start":{"line":14,"column":16},"end":{"line":14,"column":34}},"13":{"start":{"line":15,"column":16},"end":{"line":15,"column":40}},"14":{"start":{"line":31,"column":8},"end":{"line":31,"column":46}},"15":{"start":{"line":32,"column":8},"end":{"line":34,"column":10}},"16":{"start":{"line":33,"column":12},"end":{"line":33,"column":89}},"17":{"start":{"line":36,"column":8},"end":{"line":36,"column":69}},"18":{"start":{"line":37,"column":8},"end":{"line":37,"column":37}},"19":{"start":{"line":38,"column":8},"end":{"line":38,"column":51}},"20":{"start":{"line":39,"column":8},"end":{"line":40,"column":30}},"21":{"start":{"line":41,"column":8},"end":{"line":41,"column":67}},"22":{"start":{"line":43,"column":8},"end":{"line":45,"column":11}},"23":{"start":{"line":47,"column":8},"end":{"line":47,"column":43}},"24":{"start":{"line":49,"column":8},"end":{"line":49,"column":47}},"25":{"start":{"line":49,"column":42},"end":{"line":49,"column":45}},"26":{"start":{"line":51,"column":8},"end":{"line":63,"column":9}},"27":{"start":{"line":52,"column":32},"end":{"line":52,"column":85}},"28":{"start":{"line":53,"column":12},"end":{"line":53,"column":63}},"29":{"start":{"line":57,"column":12},"end":{"line":62,"column":13}},"30":{"start":{"line":61,"column":16},"end":{"line":61,"column":37}},"31":{"start":{"line":72,"column":8},"end":{"line":77,"column":9}},"32":{"start":{"line":73,"column":12},"end":{"line":73,"column":48}},"33":{"start":{"line":76,"column":12},"end":{"line":76,"column":55}},"34":{"start":{"line":85,"column":8},"end":{"line":85,"column":54}},"35":{"start":{"line":93,"column":8},"end":{"line":93,"column":48}},"36":{"start":{"line":103,"column":8},"end":{"line":103,"column":62}},"37":{"start":{"line":104,"column":22},"end":{"line":104,"column":70}},"38":{"start":{"line":105,"column":8},"end":{"line":105,"column":85}},"39":{"start":{"line":106,"column":29},"end":{"line":106,"column":147}},"40":{"start":{"line":107,"column":8},"end":{"line":114,"column":9}},"41":{"start":{"line":108,"column":32},"end":{"line":108,"column":69}},"42":{"start":{"line":109,"column":12},"end":{"line":109,"column":104}},"43":{"start":{"line":112,"column":12},"end":{"line":112,"column":33}},"44":{"start":{"line":113,"column":12},"end":{"line":113,"column":91}},"45":{"start":{"line":124,"column":8},"end":{"line":124,"column":62}},"46":{"start":{"line":125,"column":23},"end":{"line":125,"column":71}},"47":{"start":{"line":126,"column":8},"end":{"line":126,"column":81}},"48":{"start":{"line":127,"column":29},"end":{"line":127,"column":155}},"49":{"start":{"line":128,"column":8},"end":{"line":135,"column":9}},"50":{"start":{"line":129,"column":32},"end":{"line":129,"column":67}},"51":{"start":{"line":130,"column":12},"end":{"line":130,"column":111}},"52":{"start":{"line":133,"column":12},"end":{"line":133,"column":33}},"53":{"start":{"line":134,"column":12},"end":{"line":134,"column":91}},"54":{"start":{"line":138,"column":29},"end":{"line":138,"column":44}},"55":{"start":{"line":139,"column":8},"end":{"line":141,"column":9}},"56":{"start":{"line":140,"column":12},"end":{"line":140,"column":74}},"57":{"start":{"line":140,"column":60},"end":{"line":140,"column":72}},"58":{"start":{"line":142,"column":42},"end":{"line":142,"column":94}},"59":{"start":{"line":143,"column":34},"end":{"line":143,"column":93}},"60":{"start":{"line":144,"column":37},"end":{"line":151,"column":9}},"61":{"start":{"line":145,"column":12},"end":{"line":150,"column":14}},"62":{"start":{"line":152,"column":35},"end":{"line":152,"column":37}},"63":{"start":{"line":153,"column":8},"end":{"line":155,"column":9}},"64":{"start":{"line":154,"column":12},"end":{"line":154,"column":85}},"65":{"start":{"line":156,"column":8},"end":{"line":160,"column":9}},"66":{"start":{"line":157,"column":12},"end":{"line":159,"column":13}},"67":{"start":{"line":158,"column":16},"end":{"line":158,"column":114}},"68":{"start":{"line":161,"column":8},"end":{"line":161,"column":34}},"69":{"start":{"line":164,"column":8},"end":{"line":169,"column":12}},"70":{"start":{"line":164,"column":41},"end":{"line":169,"column":9}},"71":{"start":{"line":193,"column":8},"end":{"line":193,"column":62}},"72":{"start":{"line":194,"column":24},"end":{"line":194,"column":80}},"73":{"start":{"line":195,"column":40},"end":{"line":195,"column":88}},"74":{"start":{"line":196,"column":30},"end":{"line":196,"column":184}},"75":{"start":{"line":197,"column":27},"end":{"line":197,"column":71}},"76":{"start":{"line":198,"column":38},"end":{"line":203,"column":10}},"77":{"start":{"line":204,"column":8},"end":{"line":206,"column":9}},"78":{"start":{"line":205,"column":12},"end":{"line":205,"column":43}},"79":{"start":{"line":207,"column":38},"end":{"line":223,"column":26}},"80":{"start":{"line":224,"column":22},"end":{"line":224,"column":47}},"81":{"start":{"line":225,"column":8},"end":{"line":229,"column":11}},"82":{"start":{"line":256,"column":8},"end":{"line":256,"column":62}},"83":{"start":{"line":257,"column":24},"end":{"line":257,"column":80}},"84":{"start":{"line":258,"column":32},"end":{"line":258,"column":80}},"85":{"start":{"line":259,"column":8},"end":{"line":261,"column":9}},"86":{"start":{"line":260,"column":12},"end":{"line":260,"column":83}},"87":{"start":{"line":262,"column":8},"end":{"line":264,"column":9}},"88":{"start":{"line":263,"column":12},"end":{"line":263,"column":89}},"89":{"start":{"line":265,"column":40},"end":{"line":265,"column":220}},"90":{"start":{"line":266,"column":27},"end":{"line":266,"column":71}},"91":{"start":{"line":267,"column":38},"end":{"line":274,"column":10}},"92":{"start":{"line":275,"column":8},"end":{"line":277,"column":9}},"93":{"start":{"line":276,"column":12},"end":{"line":276,"column":129}},"94":{"start":{"line":278,"column":8},"end":{"line":285,"column":9}},"95":{"start":{"line":279,"column":12},"end":{"line":281,"column":60}},"96":{"start":{"line":283,"column":13},"end":{"line":285,"column":9}},"97":{"start":{"line":284,"column":12},"end":{"line":284,"column":43}},"98":{"start":{"line":286,"column":38},"end":{"line":297,"column":26}},"99":{"start":{"line":298,"column":22},"end":{"line":298,"column":47}},"100":{"start":{"line":299,"column":8},"end":{"line":303,"column":11}},"101":{"start":{"line":323,"column":8},"end":{"line":323,"column":62}},"102":{"start":{"line":324,"column":27},"end":{"line":324,"column":71}},"103":{"start":{"line":325,"column":33},"end":{"line":325,"column":147}},"104":{"start":{"line":326,"column":21},"end":{"line":326,"column":72}},"105":{"start":{"line":327,"column":43},"end":{"line":332,"column":9}},"106":{"start":{"line":333,"column":30},"end":{"line":333,"column":181}},"107":{"start":{"line":334,"column":38},"end":{"line":340,"column":10}},"108":{"start":{"line":341,"column":35},"end":{"line":344,"column":9}},"109":{"start":{"line":345,"column":24},"end":{"line":361,"column":9}},"110":{"start":{"line":362,"column":38},"end":{"line":362,"column":98}},"111":{"start":{"line":363,"column":22},"end":{"line":363,"column":47}},"112":{"start":{"line":364,"column":8},"end":{"line":364,"column":90}},"113":{"start":{"line":377,"column":8},"end":{"line":379,"column":9}},"114":{"start":{"line":378,"column":12},"end":{"line":378,"column":90}},"115":{"start":{"line":380,"column":29},"end":{"line":380,"column":128}},"116":{"start":{"line":381,"column":29},"end":{"line":381,"column":101}},"117":{"start":{"line":382,"column":24},"end":{"line":382,"column":62}},"118":{"start":{"line":383,"column":28},"end":{"line":394,"column":23}},"119":{"start":{"line":395,"column":35},"end":{"line":395,"column":59}},"120":{"start":{"line":396,"column":8},"end":{"line":398,"column":9}},"121":{"start":{"line":397,"column":12},"end":{"line":397,"column":59}},"122":{"start":{"line":399,"column":8},"end":{"line":399,"column":115}},"123":{"start":{"line":400,"column":8},"end":{"line":400,"column":39}},"124":{"start":{"line":417,"column":8},"end":{"line":417,"column":62}},"125":{"start":{"line":418,"column":32},"end":{"line":418,"column":79}},"126":{"start":{"line":419,"column":8},"end":{"line":419,"column":59}},"127":{"start":{"line":420,"column":26},"end":{"line":420,"column":61}},"128":{"start":{"line":421,"column":21},"end":{"line":424,"column":42}},"129":{"start":{"line":425,"column":24},"end":{"line":425,"column":33}},"130":{"start":{"line":426,"column":29},"end":{"line":426,"column":70}},"131":{"start":{"line":427,"column":8},"end":{"line":437,"column":9}},"132":{"start":{"line":428,"column":27},"end":{"line":428,"column":115}},"133":{"start":{"line":431,"column":30},"end":{"line":431,"column":76}},"134":{"start":{"line":432,"column":12},"end":{"line":434,"column":13}},"135":{"start":{"line":433,"column":16},"end":{"line":433,"column":58}},"136":{"start":{"line":435,"column":30},"end":{"line":435,"column":73}},"137":{"start":{"line":436,"column":12},"end":{"line":436,"column":47}},"138":{"start":{"line":438,"column":33},"end":{"line":438,"column":73}},"139":{"start":{"line":439,"column":8},"end":{"line":449,"column":9}},"140":{"start":{"line":440,"column":12},"end":{"line":442,"column":13}},"141":{"start":{"line":441,"column":16},"end":{"line":441,"column":97}},"142":{"start":{"line":443,"column":12},"end":{"line":448,"column":15}},"143":{"start":{"line":450,"column":24},"end":{"line":450,"column":56}},"144":{"start":{"line":451,"column":38},"end":{"line":458,"column":10}},"145":{"start":{"line":459,"column":28},"end":{"line":459,"column":53}},"146":{"start":{"line":460,"column":32},"end":{"line":460,"column":82}},"147":{"start":{"line":461,"column":8},"end":{"line":463,"column":9}},"148":{"start":{"line":462,"column":12},"end":{"line":462,"column":56}},"149":{"start":{"line":464,"column":8},"end":{"line":464,"column":107}},"150":{"start":{"line":465,"column":8},"end":{"line":465,"column":31}},"151":{"start":{"line":472,"column":43},"end":{"line":472,"column":86}},"152":{"start":{"line":473,"column":8},"end":{"line":478,"column":9}},"153":{"start":{"line":475,"column":16},"end":{"line":475,"column":41}},"154":{"start":{"line":477,"column":16},"end":{"line":477,"column":84}},"155":{"start":{"line":491,"column":24},"end":{"line":491,"column":56}},"156":{"start":{"line":492,"column":28},"end":{"line":494,"column":23}},"157":{"start":{"line":495,"column":8},"end":{"line":495,"column":32}},"158":{"start":{"line":508,"column":8},"end":{"line":508,"column":62}},"159":{"start":{"line":509,"column":8},"end":{"line":509,"column":65}},"160":{"start":{"line":510,"column":8},"end":{"line":510,"column":90}},"161":{"start":{"line":512,"column":32},"end":{"line":517,"column":10}},"162":{"start":{"line":519,"column":8},"end":{"line":519,"column":107}},"163":{"start":{"line":522,"column":43},"end":{"line":522,"column":86}},"164":{"start":{"line":523,"column":8},"end":{"line":528,"column":9}},"165":{"start":{"line":525,"column":16},"end":{"line":525,"column":29}},"166":{"start":{"line":527,"column":16},"end":{"line":527,"column":75}},"167":{"start":{"line":535,"column":24},"end":{"line":535,"column":54}},"168":{"start":{"line":536,"column":21},"end":{"line":536,"column":30}},"169":{"start":{"line":537,"column":24},"end":{"line":537,"column":64}},"170":{"start":{"line":538,"column":8},"end":{"line":540,"column":9}},"171":{"start":{"line":539,"column":12},"end":{"line":539,"column":105}},"172":{"start":{"line":541,"column":8},"end":{"line":541,"column":188}},"173":{"start":{"line":559,"column":8},"end":{"line":561,"column":9}},"174":{"start":{"line":560,"column":12},"end":{"line":560,"column":98}},"175":{"start":{"line":562,"column":8},"end":{"line":562,"column":97}},"176":{"start":{"line":577,"column":8},"end":{"line":577,"column":65}},"177":{"start":{"line":578,"column":24},"end":{"line":578,"column":62}},"178":{"start":{"line":579,"column":8},"end":{"line":590,"column":9}},"179":{"start":{"line":580,"column":28},"end":{"line":582,"column":29}},"180":{"start":{"line":583,"column":12},"end":{"line":583,"column":29}},"181":{"start":{"line":586,"column":12},"end":{"line":588,"column":13}},"182":{"start":{"line":587,"column":16},"end":{"line":587,"column":29}},"183":{"start":{"line":589,"column":12},"end":{"line":589,"column":24}},"184":{"start":{"line":602,"column":8},"end":{"line":631,"column":9}},"185":{"start":{"line":604,"column":33},"end":{"line":604,"column":102}},"186":{"start":{"line":605,"column":16},"end":{"line":605,"column":75}},"187":{"start":{"line":608,"column":16},"end":{"line":610,"column":17}},"188":{"start":{"line":609,"column":20},"end":{"line":609,"column":78}},"189":{"start":{"line":611,"column":33},"end":{"line":611,"column":104}},"190":{"start":{"line":612,"column":16},"end":{"line":612,"column":90}},"191":{"start":{"line":615,"column":16},"end":{"line":617,"column":17}},"192":{"start":{"line":616,"column":20},"end":{"line":616,"column":77}},"193":{"start":{"line":618,"column":33},"end":{"line":618,"column":103}},"194":{"start":{"line":619,"column":16},"end":{"line":627,"column":17}},"195":{"start":{"line":620,"column":34},"end":{"line":620,"column":82}},"196":{"start":{"line":621,"column":20},"end":{"line":621,"column":87}},"197":{"start":{"line":625,"column":20},"end":{"line":625,"column":91}},"198":{"start":{"line":626,"column":20},"end":{"line":626,"column":30}},"199":{"start":{"line":630,"column":16},"end":{"line":630,"column":77}},"200":{"start":{"line":643,"column":8},"end":{"line":643,"column":59}},"201":{"start":{"line":644,"column":8},"end":{"line":644,"column":56}},"202":{"start":{"line":646,"column":8},"end":{"line":676,"column":9}},"203":{"start":{"line":648,"column":16},"end":{"line":650,"column":17}},"204":{"start":{"line":649,"column":20},"end":{"line":649,"column":73}},"205":{"start":{"line":651,"column":33},"end":{"line":651,"column":111}},"206":{"start":{"line":652,"column":16},"end":{"line":652,"column":78}},"207":{"start":{"line":653,"column":16},"end":{"line":653,"column":22}},"208":{"start":{"line":656,"column":16},"end":{"line":658,"column":17}},"209":{"start":{"line":657,"column":20},"end":{"line":657,"column":76}},"210":{"start":{"line":659,"column":16},"end":{"line":661,"column":17}},"211":{"start":{"line":660,"column":20},"end":{"line":660,"column":75}},"212":{"start":{"line":662,"column":33},"end":{"line":662,"column":113}},"213":{"start":{"line":663,"column":16},"end":{"line":663,"column":118}},"214":{"start":{"line":664,"column":16},"end":{"line":664,"column":22}},"215":{"start":{"line":667,"column":16},"end":{"line":669,"column":17}},"216":{"start":{"line":668,"column":20},"end":{"line":668,"column":75}},"217":{"start":{"line":670,"column":33},"end":{"line":670,"column":112}},"218":{"start":{"line":671,"column":16},"end":{"line":671,"column":102}},"219":{"start":{"line":672,"column":16},"end":{"line":672,"column":22}},"220":{"start":{"line":675,"column":16},"end":{"line":675,"column":75}},"221":{"start":{"line":677,"column":8},"end":{"line":687,"column":9}},"222":{"start":{"line":678,"column":40},"end":{"line":678,"column":57}},"223":{"start":{"line":679,"column":12},"end":{"line":679,"column":119}},"224":{"start":{"line":682,"column":12},"end":{"line":682,"column":33}},"225":{"start":{"line":683,"column":12},"end":{"line":686,"column":15}},"226":{"start":{"line":700,"column":8},"end":{"line":700,"column":67}},"227":{"start":{"line":701,"column":8},"end":{"line":701,"column":65}},"228":{"start":{"line":702,"column":8},"end":{"line":705,"column":11}},"229":{"start":{"line":706,"column":24},"end":{"line":706,"column":62}},"230":{"start":{"line":707,"column":28},"end":{"line":709,"column":23}},"231":{"start":{"line":710,"column":8},"end":{"line":710,"column":108}},"232":{"start":{"line":711,"column":8},"end":{"line":711,"column":32}},"233":{"start":{"line":722,"column":8},"end":{"line":722,"column":50}},"234":{"start":{"line":723,"column":24},"end":{"line":723,"column":68}},"235":{"start":{"line":724,"column":23},"end":{"line":724,"column":25}},"236":{"start":{"line":725,"column":8},"end":{"line":734,"column":9}},"237":{"start":{"line":726,"column":12},"end":{"line":733,"column":13}},"238":{"start":{"line":727,"column":16},"end":{"line":727,"column":74}},"239":{"start":{"line":730,"column":37},"end":{"line":730,"column":81}},"240":{"start":{"line":731,"column":16},"end":{"line":731,"column":87}},"241":{"start":{"line":732,"column":16},"end":{"line":732,"column":49}},"242":{"start":{"line":735,"column":31},"end":{"line":735,"column":91}},"243":{"start":{"line":736,"column":29},"end":{"line":738,"column":23}},"244":{"start":{"line":739,"column":29},"end":{"line":739,"column":92}},"245":{"start":{"line":740,"column":26},"end":{"line":740,"column":40}},"246":{"start":{"line":741,"column":25},"end":{"line":741,"column":37}},"247":{"start":{"line":743,"column":8},"end":{"line":745,"column":9}},"248":{"start":{"line":744,"column":12},"end":{"line":744,"column":68}},"249":{"start":{"line":746,"column":8},"end":{"line":748,"column":9}},"250":{"start":{"line":747,"column":12},"end":{"line":747,"column":79}},"251":{"start":{"line":749,"column":8},"end":{"line":751,"column":9}},"252":{"start":{"line":750,"column":12},"end":{"line":750,"column":88}},"253":{"start":{"line":752,"column":8},"end":{"line":754,"column":9}},"254":{"start":{"line":753,"column":12},"end":{"line":753,"column":90}},"255":{"start":{"line":755,"column":8},"end":{"line":755,"column":39}},"256":{"start":{"line":758,"column":8},"end":{"line":758,"column":40}},"257":{"start":{"line":762,"column":34},"end":{"line":762,"column":36}},"258":{"start":{"line":763,"column":8},"end":{"line":772,"column":9}},"259":{"start":{"line":764,"column":12},"end":{"line":764,"column":67}},"260":{"start":{"line":766,"column":13},"end":{"line":772,"column":9}},"261":{"start":{"line":767,"column":30},"end":{"line":767,"column":103}},"262":{"start":{"line":767,"column":90},"end":{"line":767,"column":102}},"263":{"start":{"line":768,"column":12},"end":{"line":768,"column":49}},"264":{"start":{"line":770,"column":13},"end":{"line":772,"column":9}},"265":{"start":{"line":771,"column":12},"end":{"line":771,"column":78}},"266":{"start":{"line":773,"column":8},"end":{"line":773,"column":33}},"267":{"start":{"line":780,"column":42},"end":{"line":780,"column":84}},"268":{"start":{"line":781,"column":34},"end":{"line":781,"column":68}},"269":{"start":{"line":782,"column":8},"end":{"line":784,"column":9}},"270":{"start":{"line":783,"column":12},"end":{"line":783,"column":19}},"271":{"start":{"line":785,"column":8},"end":{"line":785,"column":219}},"272":{"start":{"line":794,"column":37},"end":{"line":794,"column":63}},"273":{"start":{"line":795,"column":8},"end":{"line":795,"column":59}},"274":{"start":{"line":796,"column":8},"end":{"line":809,"column":9}},"275":{"start":{"line":797,"column":12},"end":{"line":797,"column":87}},"276":{"start":{"line":798,"column":12},"end":{"line":798,"column":68}},"277":{"start":{"line":799,"column":12},"end":{"line":799,"column":65}},"278":{"start":{"line":800,"column":12},"end":{"line":800,"column":89}},"279":{"start":{"line":803,"column":12},"end":{"line":803,"column":62}},"280":{"start":{"line":804,"column":12},"end":{"line":807,"column":15}},"281":{"start":{"line":808,"column":12},"end":{"line":808,"column":24}},"282":{"start":{"line":812,"column":0},"end":{"line":812,"column":32}}},"fnMap":{"0":{"name":"(anonymous_0)","decl":{"start":{"line":29,"column":4},"end":{"line":29,"column":5}},"loc":{"start":{"line":29,"column":58},"end":{"line":64,"column":5}},"line":29},"1":{"name":"(anonymous_1)","decl":{"start":{"line":32,"column":47},"end":{"line":32,"column":48}},"loc":{"start":{"line":32,"column":72},"end":{"line":34,"column":9}},"line":32},"2":{"name":"(anonymous_2)","decl":{"start":{"line":49,"column":33},"end":{"line":49,"column":34}},"loc":{"start":{"line":49,"column":42},"end":{"line":49,"column":45}},"line":49},"3":{"name":"(anonymous_3)","decl":{"start":{"line":71,"column":4},"end":{"line":71,"column":5}},"loc":{"start":{"line":71,"column":47},"end":{"line":78,"column":5}},"line":71},"4":{"name":"(anonymous_4)","decl":{"start":{"line":84,"column":4},"end":{"line":84,"column":5}},"loc":{"start":{"line":84,"column":36},"end":{"line":86,"column":5}},"line":84},"5":{"name":"(anonymous_5)","decl":{"start":{"line":92,"column":4},"end":{"line":92,"column":5}},"loc":{"start":{"line":92,"column":30},"end":{"line":94,"column":5}},"line":92},"6":{"name":"(anonymous_6)","decl":{"start":{"line":102,"column":4},"end":{"line":102,"column":5}},"loc":{"start":{"line":102,"column":52},"end":{"line":115,"column":5}},"line":102},"7":{"name":"(anonymous_7)","decl":{"start":{"line":123,"column":4},"end":{"line":123,"column":5}},"loc":{"start":{"line":123,"column":55},"end":{"line":136,"column":5}},"line":123},"8":{"name":"(anonymous_8)","decl":{"start":{"line":137,"column":4},"end":{"line":137,"column":5}},"loc":{"start":{"line":137,"column":116},"end":{"line":162,"column":5}},"line":137},"9":{"name":"(anonymous_9)","decl":{"start":{"line":140,"column":51},"end":{"line":140,"column":52}},"loc":{"start":{"line":140,"column":60},"end":{"line":140,"column":72}},"line":140},"10":{"name":"(anonymous_10)","decl":{"start":{"line":144,"column":37},"end":{"line":144,"column":38}},"loc":{"start":{"line":144,"column":65},"end":{"line":151,"column":9}},"line":144},"11":{"name":"(anonymous_11)","decl":{"start":{"line":163,"column":4},"end":{"line":163,"column":5}},"loc":{"start":{"line":163,"column":39},"end":{"line":170,"column":5}},"line":163},"12":{"name":"(anonymous_12)","decl":{"start":{"line":164,"column":24},"end":{"line":164,"column":25}},"loc":{"start":{"line":164,"column":41},"end":{"line":169,"column":9}},"line":164},"13":{"name":"(anonymous_13)","decl":{"start":{"line":192,"column":4},"end":{"line":192,"column":5}},"loc":{"start":{"line":192,"column":234},"end":{"line":230,"column":5}},"line":192},"14":{"name":"(anonymous_14)","decl":{"start":{"line":255,"column":4},"end":{"line":255,"column":5}},"loc":{"start":{"line":255,"column":279},"end":{"line":304,"column":5}},"line":255},"15":{"name":"(anonymous_15)","decl":{"start":{"line":322,"column":4},"end":{"line":322,"column":5}},"loc":{"start":{"line":322,"column":270},"end":{"line":365,"column":5}},"line":322},"16":{"name":"(anonymous_16)","decl":{"start":{"line":376,"column":4},"end":{"line":376,"column":5}},"loc":{"start":{"line":376,"column":77},"end":{"line":401,"column":5}},"line":376},"17":{"name":"(anonymous_17)","decl":{"start":{"line":416,"column":4},"end":{"line":416,"column":5}},"loc":{"start":{"line":416,"column":88},"end":{"line":466,"column":5}},"line":416},"18":{"name":"(anonymous_18)","decl":{"start":{"line":471,"column":4},"end":{"line":471,"column":5}},"loc":{"start":{"line":471,"column":32},"end":{"line":479,"column":5}},"line":471},"19":{"name":"(anonymous_19)","decl":{"start":{"line":490,"column":4},"end":{"line":490,"column":5}},"loc":{"start":{"line":490,"column":138},"end":{"line":496,"column":5}},"line":490},"20":{"name":"(anonymous_20)","decl":{"start":{"line":507,"column":4},"end":{"line":507,"column":5}},"loc":{"start":{"line":507,"column":58},"end":{"line":520,"column":5}},"line":507},"21":{"name":"(anonymous_21)","decl":{"start":{"line":521,"column":4},"end":{"line":521,"column":5}},"loc":{"start":{"line":521,"column":40},"end":{"line":529,"column":5}},"line":521},"22":{"name":"(anonymous_22)","decl":{"start":{"line":534,"column":4},"end":{"line":534,"column":5}},"loc":{"start":{"line":534,"column":66},"end":{"line":542,"column":5}},"line":534},"23":{"name":"(anonymous_23)","decl":{"start":{"line":558,"column":4},"end":{"line":558,"column":5}},"loc":{"start":{"line":558,"column":131},"end":{"line":563,"column":5}},"line":558},"24":{"name":"(anonymous_24)","decl":{"start":{"line":576,"column":4},"end":{"line":576,"column":5}},"loc":{"start":{"line":576,"column":57},"end":{"line":591,"column":5}},"line":576},"25":{"name":"(anonymous_25)","decl":{"start":{"line":601,"column":4},"end":{"line":601,"column":5}},"loc":{"start":{"line":601,"column":49},"end":{"line":632,"column":5}},"line":601},"26":{"name":"(anonymous_26)","decl":{"start":{"line":642,"column":4},"end":{"line":642,"column":5}},"loc":{"start":{"line":642,"column":74},"end":{"line":688,"column":5}},"line":642},"27":{"name":"(anonymous_27)","decl":{"start":{"line":699,"column":4},"end":{"line":699,"column":5}},"loc":{"start":{"line":699,"column":38},"end":{"line":712,"column":5}},"line":699},"28":{"name":"(anonymous_28)","decl":{"start":{"line":721,"column":4},"end":{"line":721,"column":5}},"loc":{"start":{"line":721,"column":95},"end":{"line":756,"column":5}},"line":721},"29":{"name":"(anonymous_29)","decl":{"start":{"line":757,"column":4},"end":{"line":757,"column":5}},"loc":{"start":{"line":757,"column":27},"end":{"line":759,"column":5}},"line":757},"30":{"name":"(anonymous_30)","decl":{"start":{"line":761,"column":4},"end":{"line":761,"column":5}},"loc":{"start":{"line":761,"column":34},"end":{"line":774,"column":5}},"line":761},"31":{"name":"(anonymous_31)","decl":{"start":{"line":767,"column":80},"end":{"line":767,"column":81}},"loc":{"start":{"line":767,"column":90},"end":{"line":767,"column":102}},"line":767},"32":{"name":"(anonymous_32)","decl":{"start":{"line":779,"column":4},"end":{"line":779,"column":5}},"loc":{"start":{"line":779,"column":53},"end":{"line":786,"column":5}},"line":779},"33":{"name":"(anonymous_33)","decl":{"start":{"line":793,"column":4},"end":{"line":793,"column":5}},"loc":{"start":{"line":793,"column":67},"end":{"line":810,"column":5}},"line":793}},"branchMap":{"0":{"loc":{"start":{"line":29,"column":34},"end":{"line":29,"column":48}},"type":"default-arg","locations":[{"start":{"line":29,"column":46},"end":{"line":29,"column":48}}],"line":29},"1":{"loc":{"start":{"line":36,"column":8},"end":{"line":36,"column":68}},"type":"binary-expr","locations":[{"start":{"line":36,"column":8},"end":{"line":36,"column":23}},{"start":{"line":36,"column":28},"end":{"line":36,"column":67}}],"line":36},"2":{"loc":{"start":{"line":39,"column":25},"end":{"line":40,"column":28}},"type":"binary-expr","locations":[{"start":{"line":39,"column":25},"end":{"line":39,"column":50}},{"start":{"line":40,"column":12},"end":{"line":40,"column":28}}],"line":39},"3":{"loc":{"start":{"line":41,"column":33},"end":{"line":41,"column":66}},"type":"binary-expr","locations":[{"start":{"line":41,"column":33},"end":{"line":41,"column":49}},{"start":{"line":41,"column":53},"end":{"line":41,"column":66}}],"line":41},"4":{"loc":{"start":{"line":49,"column":22},"end":{"line":49,"column":46}},"type":"binary-expr","locations":[{"start":{"line":49,"column":22},"end":{"line":49,"column":28}},{"start":{"line":49,"column":33},"end":{"line":49,"column":45}}],"line":49},"5":{"loc":{"start":{"line":57,"column":12},"end":{"line":62,"column":13}},"type":"if","locations":[{"start":{"line":57,"column":12},"end":{"line":62,"column":13}},{"start":{"line":60,"column":17},"end":{"line":62,"column":13}}],"line":57},"6":{"loc":{"start":{"line":71,"column":33},"end":{"line":71,"column":45}},"type":"default-arg","locations":[{"start":{"line":71,"column":40},"end":{"line":71,"column":45}}],"line":71},"7":{"loc":{"start":{"line":72,"column":8},"end":{"line":77,"column":9}},"type":"if","locations":[{"start":{"line":72,"column":8},"end":{"line":77,"column":9}},{"start":{"line":75,"column":13},"end":{"line":77,"column":9}}],"line":72},"8":{"loc":{"start":{"line":139,"column":8},"end":{"line":141,"column":9}},"type":"if","locations":[{"start":{"line":139,"column":8},"end":{"line":141,"column":9}},{"start":{},"end":{}}],"line":139},"9":{"loc":{"start":{"line":148,"column":64},"end":{"line":148,"column":88}},"type":"binary-expr","locations":[{"start":{"line":148,"column":64},"end":{"line":148,"column":73}},{"start":{"line":148,"column":77},"end":{"line":148,"column":88}}],"line":148},"10":{"loc":{"start":{"line":153,"column":8},"end":{"line":155,"column":9}},"type":"if","locations":[{"start":{"line":153,"column":8},"end":{"line":155,"column":9}},{"start":{},"end":{}}],"line":153},"11":{"loc":{"start":{"line":156,"column":8},"end":{"line":160,"column":9}},"type":"if","locations":[{"start":{"line":156,"column":8},"end":{"line":160,"column":9}},{"start":{},"end":{}}],"line":156},"12":{"loc":{"start":{"line":163,"column":22},"end":{"line":163,"column":37}},"type":"default-arg","locations":[{"start":{"line":163,"column":35},"end":{"line":163,"column":37}}],"line":163},"13":{"loc":{"start":{"line":167,"column":24},"end":{"line":167,"column":51}},"type":"binary-expr","locations":[{"start":{"line":167,"column":24},"end":{"line":167,"column":38}},{"start":{"line":167,"column":42},"end":{"line":167,"column":51}}],"line":167},"14":{"loc":{"start":{"line":168,"column":20},"end":{"line":168,"column":55}},"type":"binary-expr","locations":[{"start":{"line":168,"column":20},"end":{"line":168,"column":48}},{"start":{"line":168,"column":52},"end":{"line":168,"column":55}}],"line":168},"15":{"loc":{"start":{"line":192,"column":60},"end":{"line":192,"column":72}},"type":"default-arg","locations":[{"start":{"line":192,"column":71},"end":{"line":192,"column":72}}],"line":192},"16":{"loc":{"start":{"line":192,"column":104},"end":{"line":192,"column":165}},"type":"default-arg","locations":[{"start":{"line":192,"column":126},"end":{"line":192,"column":165}}],"line":192},"17":{"loc":{"start":{"line":192,"column":167},"end":{"line":192,"column":200}},"type":"default-arg","locations":[{"start":{"line":192,"column":196},"end":{"line":192,"column":200}}],"line":192},"18":{"loc":{"start":{"line":192,"column":202},"end":{"line":192,"column":229}},"type":"default-arg","locations":[{"start":{"line":192,"column":209},"end":{"line":192,"column":229}}],"line":192},"19":{"loc":{"start":{"line":195,"column":72},"end":{"line":195,"column":85}},"type":"binary-expr","locations":[{"start":{"line":195,"column":72},"end":{"line":195,"column":80}},{"start":{"line":195,"column":84},"end":{"line":195,"column":85}}],"line":195},"20":{"loc":{"start":{"line":196,"column":107},"end":{"line":196,"column":170}},"type":"binary-expr","locations":[{"start":{"line":196,"column":107},"end":{"line":196,"column":121}},{"start":{"line":196,"column":125},"end":{"line":196,"column":170}}],"line":196},"21":{"loc":{"start":{"line":204,"column":8},"end":{"line":206,"column":9}},"type":"if","locations":[{"start":{"line":204,"column":8},"end":{"line":206,"column":9}},{"start":{},"end":{}}],"line":204},"22":{"loc":{"start":{"line":215,"column":21},"end":{"line":217,"column":74}},"type":"cond-expr","locations":[{"start":{"line":216,"column":18},"end":{"line":216,"column":51}},{"start":{"line":217,"column":18},"end":{"line":217,"column":74}}],"line":215},"23":{"loc":{"start":{"line":220,"column":25},"end":{"line":220,"column":34}},"type":"binary-expr","locations":[{"start":{"line":220,"column":25},"end":{"line":220,"column":29}},{"start":{"line":220,"column":33},"end":{"line":220,"column":34}}],"line":220},"24":{"loc":{"start":{"line":255,"column":73},"end":{"line":255,"column":85}},"type":"default-arg","locations":[{"start":{"line":255,"column":84},"end":{"line":255,"column":85}}],"line":255},"25":{"loc":{"start":{"line":255,"column":130},"end":{"line":255,"column":179}},"type":"default-arg","locations":[{"start":{"line":255,"column":152},"end":{"line":255,"column":179}}],"line":255},"26":{"loc":{"start":{"line":255,"column":211},"end":{"line":255,"column":245}},"type":"default-arg","locations":[{"start":{"line":255,"column":240},"end":{"line":255,"column":245}}],"line":255},"27":{"loc":{"start":{"line":255,"column":247},"end":{"line":255,"column":274}},"type":"default-arg","locations":[{"start":{"line":255,"column":254},"end":{"line":255,"column":274}}],"line":255},"28":{"loc":{"start":{"line":258,"column":64},"end":{"line":258,"column":77}},"type":"binary-expr","locations":[{"start":{"line":258,"column":64},"end":{"line":258,"column":72}},{"start":{"line":258,"column":76},"end":{"line":258,"column":77}}],"line":258},"29":{"loc":{"start":{"line":259,"column":8},"end":{"line":261,"column":9}},"type":"if","locations":[{"start":{"line":259,"column":8},"end":{"line":261,"column":9}},{"start":{},"end":{}}],"line":259},"30":{"loc":{"start":{"line":262,"column":8},"end":{"line":264,"column":9}},"type":"if","locations":[{"start":{"line":262,"column":8},"end":{"line":264,"column":9}},{"start":{},"end":{}}],"line":262},"31":{"loc":{"start":{"line":262,"column":12},"end":{"line":262,"column":80}},"type":"binary-expr","locations":[{"start":{"line":262,"column":12},"end":{"line":262,"column":26}},{"start":{"line":262,"column":30},"end":{"line":262,"column":80}}],"line":262},"32":{"loc":{"start":{"line":265,"column":119},"end":{"line":265,"column":182}},"type":"binary-expr","locations":[{"start":{"line":265,"column":119},"end":{"line":265,"column":133}},{"start":{"line":265,"column":137},"end":{"line":265,"column":182}}],"line":265},"33":{"loc":{"start":{"line":265,"column":197},"end":{"line":265,"column":219}},"type":"binary-expr","locations":[{"start":{"line":265,"column":197},"end":{"line":265,"column":206}},{"start":{"line":265,"column":210},"end":{"line":265,"column":219}}],"line":265},"34":{"loc":{"start":{"line":275,"column":8},"end":{"line":277,"column":9}},"type":"if","locations":[{"start":{"line":275,"column":8},"end":{"line":277,"column":9}},{"start":{},"end":{}}],"line":275},"35":{"loc":{"start":{"line":278,"column":8},"end":{"line":285,"column":9}},"type":"if","locations":[{"start":{"line":278,"column":8},"end":{"line":285,"column":9}},{"start":{"line":283,"column":13},"end":{"line":285,"column":9}}],"line":278},"36":{"loc":{"start":{"line":279,"column":19},"end":{"line":281,"column":59}},"type":"cond-expr","locations":[{"start":{"line":280,"column":18},"end":{"line":280,"column":59}},{"start":{"line":281,"column":18},"end":{"line":281,"column":59}}],"line":279},"37":{"loc":{"start":{"line":283,"column":13},"end":{"line":285,"column":9}},"type":"if","locations":[{"start":{"line":283,"column":13},"end":{"line":285,"column":9}},{"start":{},"end":{}}],"line":283},"38":{"loc":{"start":{"line":290,"column":21},"end":{"line":291,"column":72}},"type":"binary-expr","locations":[{"start":{"line":290,"column":21},"end":{"line":290,"column":47}},{"start":{"line":291,"column":16},"end":{"line":291,"column":72}}],"line":290},"39":{"loc":{"start":{"line":294,"column":25},"end":{"line":294,"column":34}},"type":"binary-expr","locations":[{"start":{"line":294,"column":25},"end":{"line":294,"column":29}},{"start":{"line":294,"column":33},"end":{"line":294,"column":34}}],"line":294},"40":{"loc":{"start":{"line":296,"column":31},"end":{"line":296,"column":60}},"type":"cond-expr","locations":[{"start":{"line":296,"column":48},"end":{"line":296,"column":53}},{"start":{"line":296,"column":56},"end":{"line":296,"column":60}}],"line":296},"41":{"loc":{"start":{"line":322,"column":114},"end":{"line":322,"column":175}},"type":"default-arg","locations":[{"start":{"line":322,"column":136},"end":{"line":322,"column":175}}],"line":322},"42":{"loc":{"start":{"line":322,"column":177},"end":{"line":322,"column":211}},"type":"default-arg","locations":[{"start":{"line":322,"column":206},"end":{"line":322,"column":211}}],"line":322},"43":{"loc":{"start":{"line":322,"column":213},"end":{"line":322,"column":242}},"type":"default-arg","locations":[{"start":{"line":322,"column":238},"end":{"line":322,"column":242}}],"line":322},"44":{"loc":{"start":{"line":333,"column":109},"end":{"line":333,"column":172}},"type":"binary-expr","locations":[{"start":{"line":333,"column":109},"end":{"line":333,"column":123}},{"start":{"line":333,"column":127},"end":{"line":333,"column":172}}],"line":333},"45":{"loc":{"start":{"line":354,"column":21},"end":{"line":355,"column":72}},"type":"binary-expr","locations":[{"start":{"line":354,"column":21},"end":{"line":354,"column":47}},{"start":{"line":355,"column":16},"end":{"line":355,"column":72}}],"line":354},"46":{"loc":{"start":{"line":358,"column":25},"end":{"line":358,"column":34}},"type":"binary-expr","locations":[{"start":{"line":358,"column":25},"end":{"line":358,"column":29}},{"start":{"line":358,"column":33},"end":{"line":358,"column":34}}],"line":358},"47":{"loc":{"start":{"line":377,"column":8},"end":{"line":379,"column":9}},"type":"if","locations":[{"start":{"line":377,"column":8},"end":{"line":379,"column":9}},{"start":{},"end":{}}],"line":377},"48":{"loc":{"start":{"line":396,"column":8},"end":{"line":398,"column":9}},"type":"if","locations":[{"start":{"line":396,"column":8},"end":{"line":398,"column":9}},{"start":{},"end":{}}],"line":396},"49":{"loc":{"start":{"line":418,"column":32},"end":{"line":418,"column":79}},"type":"binary-expr","locations":[{"start":{"line":418,"column":32},"end":{"line":418,"column":53}},{"start":{"line":418,"column":57},"end":{"line":418,"column":79}}],"line":418},"50":{"loc":{"start":{"line":420,"column":26},"end":{"line":420,"column":61}},"type":"binary-expr","locations":[{"start":{"line":420,"column":26},"end":{"line":420,"column":41}},{"start":{"line":420,"column":45},"end":{"line":420,"column":61}}],"line":420},"51":{"loc":{"start":{"line":421,"column":21},"end":{"line":424,"column":42}},"type":"binary-expr","locations":[{"start":{"line":421,"column":21},"end":{"line":421,"column":31}},{"start":{"line":422,"column":13},"end":{"line":424,"column":41}}],"line":421},"52":{"loc":{"start":{"line":422,"column":13},"end":{"line":424,"column":41}},"type":"cond-expr","locations":[{"start":{"line":423,"column":18},"end":{"line":423,"column":43}},{"start":{"line":424,"column":18},"end":{"line":424,"column":41}}],"line":422},"53":{"loc":{"start":{"line":426,"column":29},"end":{"line":426,"column":70}},"type":"binary-expr","locations":[{"start":{"line":426,"column":29},"end":{"line":426,"column":47}},{"start":{"line":426,"column":51},"end":{"line":426,"column":70}}],"line":426},"54":{"loc":{"start":{"line":427,"column":8},"end":{"line":437,"column":9}},"type":"if","locations":[{"start":{"line":427,"column":8},"end":{"line":437,"column":9}},{"start":{},"end":{}}],"line":427},"55":{"loc":{"start":{"line":432,"column":12},"end":{"line":434,"column":13}},"type":"if","locations":[{"start":{"line":432,"column":12},"end":{"line":434,"column":13}},{"start":{},"end":{}}],"line":432},"56":{"loc":{"start":{"line":432,"column":16},"end":{"line":432,"column":75}},"type":"binary-expr","locations":[{"start":{"line":432,"column":16},"end":{"line":432,"column":37}},{"start":{"line":432,"column":41},"end":{"line":432,"column":75}}],"line":432},"57":{"loc":{"start":{"line":438,"column":33},"end":{"line":438,"column":73}},"type":"cond-expr","locations":[{"start":{"line":438,"column":52},"end":{"line":438,"column":65}},{"start":{"line":438,"column":68},"end":{"line":438,"column":73}}],"line":438},"58":{"loc":{"start":{"line":439,"column":8},"end":{"line":449,"column":9}},"type":"if","locations":[{"start":{"line":439,"column":8},"end":{"line":449,"column":9}},{"start":{},"end":{}}],"line":439},"59":{"loc":{"start":{"line":440,"column":12},"end":{"line":442,"column":13}},"type":"if","locations":[{"start":{"line":440,"column":12},"end":{"line":442,"column":13}},{"start":{},"end":{}}],"line":440},"60":{"loc":{"start":{"line":461,"column":8},"end":{"line":463,"column":9}},"type":"if","locations":[{"start":{"line":461,"column":8},"end":{"line":463,"column":9}},{"start":{},"end":{}}],"line":461},"61":{"loc":{"start":{"line":473,"column":8},"end":{"line":478,"column":9}},"type":"switch","locations":[{"start":{"line":474,"column":12},"end":{"line":475,"column":41}},{"start":{"line":476,"column":12},"end":{"line":477,"column":84}}],"line":473},"62":{"loc":{"start":{"line":490,"column":64},"end":{"line":490,"column":122}},"type":"default-arg","locations":[{"start":{"line":490,"column":82},"end":{"line":490,"column":122}}],"line":490},"63":{"loc":{"start":{"line":523,"column":8},"end":{"line":528,"column":9}},"type":"switch","locations":[{"start":{"line":524,"column":12},"end":{"line":525,"column":29}},{"start":{"line":526,"column":12},"end":{"line":527,"column":75}}],"line":523},"64":{"loc":{"start":{"line":538,"column":8},"end":{"line":540,"column":9}},"type":"if","locations":[{"start":{"line":538,"column":8},"end":{"line":540,"column":9}},{"start":{},"end":{}}],"line":538},"65":{"loc":{"start":{"line":558,"column":58},"end":{"line":558,"column":76}},"type":"default-arg","locations":[{"start":{"line":558,"column":66},"end":{"line":558,"column":76}}],"line":558},"66":{"loc":{"start":{"line":559,"column":8},"end":{"line":561,"column":9}},"type":"if","locations":[{"start":{"line":559,"column":8},"end":{"line":561,"column":9}},{"start":{},"end":{}}],"line":559},"67":{"loc":{"start":{"line":586,"column":12},"end":{"line":588,"column":13}},"type":"if","locations":[{"start":{"line":586,"column":12},"end":{"line":588,"column":13}},{"start":{},"end":{}}],"line":586},"68":{"loc":{"start":{"line":586,"column":16},"end":{"line":586,"column":83}},"type":"binary-expr","locations":[{"start":{"line":586,"column":16},"end":{"line":586,"column":48}},{"start":{"line":586,"column":52},"end":{"line":586,"column":83}}],"line":586},"69":{"loc":{"start":{"line":602,"column":8},"end":{"line":631,"column":9}},"type":"switch","locations":[{"start":{"line":603,"column":12},"end":{"line":606,"column":13}},{"start":{"line":607,"column":12},"end":{"line":613,"column":13}},{"start":{"line":614,"column":12},"end":{"line":628,"column":13}},{"start":{"line":629,"column":12},"end":{"line":630,"column":77}}],"line":602},"70":{"loc":{"start":{"line":608,"column":16},"end":{"line":610,"column":17}},"type":"if","locations":[{"start":{"line":608,"column":16},"end":{"line":610,"column":17}},{"start":{},"end":{}}],"line":608},"71":{"loc":{"start":{"line":608,"column":20},"end":{"line":608,"column":73}},"type":"binary-expr","locations":[{"start":{"line":608,"column":20},"end":{"line":608,"column":47}},{"start":{"line":608,"column":51},"end":{"line":608,"column":73}}],"line":608},"72":{"loc":{"start":{"line":615,"column":16},"end":{"line":617,"column":17}},"type":"if","locations":[{"start":{"line":615,"column":16},"end":{"line":617,"column":17}},{"start":{},"end":{}}],"line":615},"73":{"loc":{"start":{"line":615,"column":20},"end":{"line":615,"column":73}},"type":"binary-expr","locations":[{"start":{"line":615,"column":20},"end":{"line":615,"column":47}},{"start":{"line":615,"column":51},"end":{"line":615,"column":73}}],"line":615},"74":{"loc":{"start":{"line":625,"column":65},"end":{"line":625,"column":87}},"type":"binary-expr","locations":[{"start":{"line":625,"column":65},"end":{"line":625,"column":78}},{"start":{"line":625,"column":82},"end":{"line":625,"column":87}}],"line":625},"75":{"loc":{"start":{"line":646,"column":8},"end":{"line":676,"column":9}},"type":"switch","locations":[{"start":{"line":647,"column":12},"end":{"line":654,"column":13}},{"start":{"line":655,"column":12},"end":{"line":665,"column":13}},{"start":{"line":666,"column":12},"end":{"line":673,"column":13}},{"start":{"line":674,"column":12},"end":{"line":675,"column":75}}],"line":646},"76":{"loc":{"start":{"line":648,"column":16},"end":{"line":650,"column":17}},"type":"if","locations":[{"start":{"line":648,"column":16},"end":{"line":650,"column":17}},{"start":{},"end":{}}],"line":648},"77":{"loc":{"start":{"line":656,"column":16},"end":{"line":658,"column":17}},"type":"if","locations":[{"start":{"line":656,"column":16},"end":{"line":658,"column":17}},{"start":{},"end":{}}],"line":656},"78":{"loc":{"start":{"line":656,"column":20},"end":{"line":656,"column":73}},"type":"binary-expr","locations":[{"start":{"line":656,"column":20},"end":{"line":656,"column":47}},{"start":{"line":656,"column":51},"end":{"line":656,"column":73}}],"line":656},"79":{"loc":{"start":{"line":659,"column":16},"end":{"line":661,"column":17}},"type":"if","locations":[{"start":{"line":659,"column":16},"end":{"line":661,"column":17}},{"start":{},"end":{}}],"line":659},"80":{"loc":{"start":{"line":667,"column":16},"end":{"line":669,"column":17}},"type":"if","locations":[{"start":{"line":667,"column":16},"end":{"line":669,"column":17}},{"start":{},"end":{}}],"line":667},"81":{"loc":{"start":{"line":667,"column":20},"end":{"line":667,"column":73}},"type":"binary-expr","locations":[{"start":{"line":667,"column":20},"end":{"line":667,"column":47}},{"start":{"line":667,"column":51},"end":{"line":667,"column":73}}],"line":667},"82":{"loc":{"start":{"line":725,"column":8},"end":{"line":734,"column":9}},"type":"if","locations":[{"start":{"line":725,"column":8},"end":{"line":734,"column":9}},{"start":{},"end":{}}],"line":725},"83":{"loc":{"start":{"line":726,"column":12},"end":{"line":733,"column":13}},"type":"if","locations":[{"start":{"line":726,"column":12},"end":{"line":733,"column":13}},{"start":{"line":729,"column":17},"end":{"line":733,"column":13}}],"line":726},"84":{"loc":{"start":{"line":736,"column":29},"end":{"line":738,"column":23}},"type":"cond-expr","locations":[{"start":{"line":737,"column":14},"end":{"line":737,"column":72}},{"start":{"line":738,"column":14},"end":{"line":738,"column":23}}],"line":736},"85":{"loc":{"start":{"line":739,"column":29},"end":{"line":739,"column":92}},"type":"cond-expr","locations":[{"start":{"line":739,"column":58},"end":{"line":739,"column":87}},{"start":{"line":739,"column":90},"end":{"line":739,"column":92}}],"line":739},"86":{"loc":{"start":{"line":743,"column":8},"end":{"line":745,"column":9}},"type":"if","locations":[{"start":{"line":743,"column":8},"end":{"line":745,"column":9}},{"start":{},"end":{}}],"line":743},"87":{"loc":{"start":{"line":743,"column":12},"end":{"line":743,"column":53}},"type":"binary-expr","locations":[{"start":{"line":743,"column":12},"end":{"line":743,"column":31}},{"start":{"line":743,"column":35},"end":{"line":743,"column":53}}],"line":743},"88":{"loc":{"start":{"line":746,"column":8},"end":{"line":748,"column":9}},"type":"if","locations":[{"start":{"line":746,"column":8},"end":{"line":748,"column":9}},{"start":{},"end":{}}],"line":746},"89":{"loc":{"start":{"line":746,"column":12},"end":{"line":746,"column":60}},"type":"binary-expr","locations":[{"start":{"line":746,"column":12},"end":{"line":746,"column":19}},{"start":{"line":746,"column":23},"end":{"line":746,"column":60}}],"line":746},"90":{"loc":{"start":{"line":749,"column":8},"end":{"line":751,"column":9}},"type":"if","locations":[{"start":{"line":749,"column":8},"end":{"line":751,"column":9}},{"start":{},"end":{}}],"line":749},"91":{"loc":{"start":{"line":752,"column":8},"end":{"line":754,"column":9}},"type":"if","locations":[{"start":{"line":752,"column":8},"end":{"line":754,"column":9}},{"start":{},"end":{}}],"line":752},"92":{"loc":{"start":{"line":752,"column":12},"end":{"line":752,"column":61}},"type":"binary-expr","locations":[{"start":{"line":752,"column":12},"end":{"line":752,"column":28}},{"start":{"line":752,"column":32},"end":{"line":752,"column":61}}],"line":752},"93":{"loc":{"start":{"line":763,"column":8},"end":{"line":772,"column":9}},"type":"if","locations":[{"start":{"line":763,"column":8},"end":{"line":772,"column":9}},{"start":{"line":766,"column":13},"end":{"line":772,"column":9}}],"line":763},"94":{"loc":{"start":{"line":766,"column":13},"end":{"line":772,"column":9}},"type":"if","locations":[{"start":{"line":766,"column":13},"end":{"line":772,"column":9}},{"start":{"line":770,"column":13},"end":{"line":772,"column":9}}],"line":766},"95":{"loc":{"start":{"line":770,"column":13},"end":{"line":772,"column":9}},"type":"if","locations":[{"start":{"line":770,"column":13},"end":{"line":772,"column":9}},{"start":{},"end":{}}],"line":770},"96":{"loc":{"start":{"line":782,"column":8},"end":{"line":784,"column":9}},"type":"if","locations":[{"start":{"line":782,"column":8},"end":{"line":784,"column":9}},{"start":{},"end":{}}],"line":782},"97":{"loc":{"start":{"line":785,"column":147},"end":{"line":785,"column":215}},"type":"cond-expr","locations":[{"start":{"line":785,"column":178},"end":{"line":785,"column":206}},{"start":{"line":785,"column":209},"end":{"line":785,"column":215}}],"line":785}},"s":{"0":1,"1":1,"2":1,"3":1,"4":1,"5":1,"6":1,"7":1,"8":1,"9":1,"10":1,"11":1,"12":1,"13":1,"14":3,"15":3,"16":16,"17":3,"18":3,"19":3,"20":3,"21":3,"22":3,"23":3,"24":3,"25":0,"26":3,"27":3,"28":3,"29":0,"30":0,"31":0,"32":0,"33":0,"34":0,"35":0,"36":0,"37":0,"38":0,"39":0,"40":0,"41":0,"42":0,"43":0,"44":0,"45":0,"46":0,"47":0,"48":0,"49":0,"50":0,"51":0,"52":0,"53":0,"54":4,"55":4,"56":2,"57":4,"58":4,"59":4,"60":4,"61":8,"62":4,"63":4,"64":1,"65":4,"66":4,"67":7,"68":4,"69":3,"70":3,"71":2,"72":2,"73":2,"74":2,"75":2,"76":2,"77":2,"78":0,"79":2,"80":2,"81":2,"82":1,"83":1,"84":1,"85":1,"86":0,"87":1,"88":0,"89":1,"90":1,"91":1,"92":1,"93":0,"94":1,"95":0,"96":1,"97":0,"98":1,"99":1,"100":1,"101":1,"102":1,"103":1,"104":1,"105":1,"106":1,"107":1,"108":1,"109":1,"110":1,"111":1,"112":1,"113":0,"114":0,"115":0,"116":0,"117":0,"118":0,"119":0,"120":0,"121":0,"122":0,"123":0,"124":0,"125":0,"126":0,"127":0,"128":0,"129":0,"130":0,"131":0,"132":0,"133":0,"134":0,"135":0,"136":0,"137":0,"138":0,"139":0,"140":0,"141":0,"142":0,"143":0,"144":0,"145":0,"146":0,"147":0,"148":0,"149":0,"150":0,"151":0,"152":0,"153":0,"154":0,"155":0,"156":0,"157":0,"158":0,"159":0,"160":0,"161":0,"162":0,"163":0,"164":0,"165":0,"166":0,"167":0,"168":0,"169":0,"170":0,"171":0,"172":0,"173":0,"174":0,"175":0,"176":0,"177":0,"178":0,"179":0,"180":0,"181":0,"182":0,"183":0,"184":0,"185":0,"186":0,"187":0,"188":0,"189":0,"190":0,"191":0,"192":0,"193":0,"194":0,"195":0,"196":0,"197":0,"198":0,"199":0,"200":0,"201":0,"202":0,"203":0,"204":0,"205":0,"206":0,"207":0,"208":0,"209":0,"210":0,"211":0,"212":0,"213":0,"214":0,"215":0,"216":0,"217":0,"218":0,"219":0,"220":0,"221":0,"222":0,"223":0,"224":0,"225":0,"226":0,"227":0,"228":0,"229":0,"230":0,"231":0,"232":0,"233":4,"234":4,"235":4,"236":4,"237":3,"238":3,"239":0,"240":0,"241":0,"242":4,"243":4,"244":4,"245":4,"246":4,"247":4,"248":0,"249":4,"250":0,"251":4,"252":0,"253":4,"254":0,"255":4,"256":0,"257":4,"258":4,"259":4,"260":0,"261":0,"262":0,"263":0,"264":0,"265":0,"266":4,"267":4,"268":4,"269":4,"270":4,"271":0,"272":0,"273":0,"274":0,"275":0,"276":0,"277":0,"278":0,"279":0,"280":0,"281":0,"282":1},"f":{"0":3,"1":16,"2":0,"3":0,"4":0,"5":0,"6":0,"7":0,"8":4,"9":4,"10":8,"11":3,"12":3,"13":2,"14":1,"15":1,"16":0,"17":0,"18":0,"19":0,"20":0,"21":0,"22":0,"23":0,"24":0,"25":0,"26":0,"27":0,"28":4,"29":0,"30":4,"31":0,"32":4,"33":0},"b":{"0":[0],"1":[3,0],"2":[3,0],"3":[3,0],"4":[3,0],"5":[0,0],"6":[0],"7":[0,0],"8":[2,2],"9":[8,6],"10":[1,3],"11":[4,0],"12":[0],"13":[3,0],"14":[3,0],"15":[2],"16":[2],"17":[2],"18":[2],"19":[2,0],"20":[2,0],"21":[0,2],"22":[2,0],"23":[2,2],"24":[1],"25":[1],"26":[1],"27":[1],"28":[1,0],"29":[0,1],"30":[0,1],"31":[1,0],"32":[1,0],"33":[1,1],"34":[0,1],"35":[0,1],"36":[0,0],"37":[0,1],"38":[1,0],"39":[1,1],"40":[0,1],"41":[0],"42":[1],"43":[1],"44":[1,0],"45":[1,0],"46":[1,1],"47":[0,0],"48":[0,0],"49":[0,0],"50":[0,0],"51":[0,0],"52":[0,0],"53":[0,0],"54":[0,0],"55":[0,0],"56":[0,0],"57":[0,0],"58":[0,0],"59":[0,0],"60":[0,0],"61":[0,0],"62":[0],"63":[0,0],"64":[0,0],"65":[0],"66":[0,0],"67":[0,0],"68":[0,0],"69":[0,0,0,0],"70":[0,0],"71":[0,0],"72":[0,0],"73":[0,0],"74":[0,0],"75":[0,0,0,0],"76":[0,0],"77":[0,0],"78":[0,0],"79":[0,0],"80":[0,0],"81":[0,0],"82":[3,1],"83":[3,0],"84":[0,4],"85":[0,4],"86":[0,4],"87":[4,4],"88":[0,4],"89":[4,1],"90":[0,4],"91":[0,4],"92":[4,0],"93":[4,0],"94":[0,0],"95":[0,0],"96":[4,0],"97":[0,0]},"inputSourceMap":{"version":3,"file":"/Users/rg/dev/opensea-js/src/sdk.ts","sources":["/Users/rg/dev/opensea-js/src/sdk.ts"],"names":[],"mappings":";;;AAAA,uCAAwC;AACxC,oDAA8C;AAC9C,iEAG2C;AAO3C,mCAUgB;AAChB,mCAAuC;AAEvC,2CAIqB;AACrB,8DAIkC;AAClC,0CAAoD;AACpD,0CAAkE;AAClE,qDAI+B;AAC/B,mCAUiB;AACjB,yCAWuB;AAEvB;;;GAGG;AACH,MAAa,UAAU;IAiBrB;;;;;;;OAOG;IACH,YACE,gBAA0C,EAC1C,YAA8B,EAAE,EAChC,MAA8B;QAjBhC,6EAA6E;QACrE,gCAA2B,GAAkC,EAAE,CAAC;QAsKhE,oCAA+B,GAAG,CACxC,MAAc,EACd,WAAmB,EACX,EAAE;YACV,OAAO,CAAC,CAAC,MAAM,GAAG,WAAW,CAAC,GAAG,+BAAmB,CAAC,CAAC,QAAQ,EAAE,CAAC;QACnE,CAAC,CAAC;QAzJA,aAAa;QACb,SAAS,CAAC,KAAK,KAAf,SAAS,CAAC,KAAK,GAAK,aAAK,CAAC,OAAO,EAAC;QAClC,IAAI,CAAC,KAAK,GAAG,SAAS,CAAC,KAAK,CAAC;QAC7B,IAAI,CAAC,GAAG,GAAG,IAAI,gBAAU,CAAC,SAAS,CAAC,CAAC;QAErC,IAAI,CAAC,QAAQ,GAAG,CAAE,gBAA2B,CAAC,QAAQ;YACpD,gBAAgB,CAAoB,CAAC;QACvC,IAAI,CAAC,iBAAiB,GAAG,gBAAgB,IAAI,IAAI,CAAC,QAAQ,CAAC;QAE3D,8DAA8D;QAC9D,IAAI,CAAC,YAAY,GAAG,IAAI,oBAAO,CAAC,IAAI,CAAC,iBAAwB,EAAE;YAC7D,SAAS,EAAE,EAAE,iBAAiB,EAAE,+BAAmB,EAAE;SACtD,CAAC,CAAC;QAEH,cAAc;QACd,IAAI,CAAC,QAAQ,GAAG,IAAI,YAAY,EAAE,CAAC;QAEnC,mDAAmD;QACnD,IAAI,CAAC,MAAM,GAAG,MAAM,IAAI,CAAC,CAAC,GAAW,EAAE,EAAE,CAAC,GAAG,CAAC,CAAC;QAE/C,gEAAgE;QAChE,IAAI,CAAC;YACH,MAAM,WAAW,GAAG,IAAA,sBAAc,EAAC,IAAI,CAAC,KAAK,CAAC,CAAC,WAAW,EAAE,CAAC;YAC7D,IAAI,CAAC,2BAA2B,CAAC,WAAW,CAAC,GAAG,EAAE,CAAC;YACnD,8DAA8D;QAChE,CAAC;QAAC,OAAO,KAAU,EAAE,CAAC;YACpB,IAAI,KAAK,CAAC,OAAO,CAAC,QAAQ,CAAC,sBAAsB,CAAC,EAAE,CAAC;gBACnD,SAAS;YACX,CAAC;iBAAM,CAAC;gBACN,OAAO,CAAC,KAAK,CAAC,KAAK,CAAC,CAAC;YACvB,CAAC;QACH,CAAC;IACH,CAAC;IAED;;;;;OAKG;IACI,WAAW,CAChB,KAAgB,EAChB,QAAmC,EACnC,IAAI,GAAG,KAAK;QAEZ,IAAI,IAAI,EAAE,CAAC;YACT,IAAI,CAAC,QAAQ,CAAC,IAAI,CAAC,KAAK,EAAE,QAAQ,CAAC,CAAC;QACtC,CAAC;aAAM,CAAC;YACN,IAAI,CAAC,QAAQ,CAAC,WAAW,CAAC,KAAK,EAAE,QAAQ,CAAC,CAAC;QAC7C,CAAC;IACH,CAAC;IAED;;;;OAIG;IACI,cAAc,CAAC,KAAgB,EAAE,QAAmC;QACzE,IAAI,CAAC,QAAQ,CAAC,cAAc,CAAC,KAAK,EAAE,QAAQ,CAAC,CAAC;IAChD,CAAC;IAED;;;;OAIG;IACI,kBAAkB,CAAC,KAAiB;QACzC,IAAI,CAAC,QAAQ,CAAC,kBAAkB,CAAC,KAAK,CAAC,CAAC;IAC1C,CAAC;IAED;;;;;;OAMG;IACI,KAAK,CAAC,OAAO,CAAC,EACnB,WAAW,EACX,cAAc,GAIf;QACC,MAAM,IAAI,CAAC,0BAA0B,CAAC,cAAc,CAAC,CAAC;QAEtD,MAAM,KAAK,GAAG,IAAA,mBAAU,EAAC,WAAW,CAAC,QAAQ,EAAE,CAAC,CAAC;QAEjD,IAAI,CAAC,SAAS,CAAC,iBAAS,CAAC,OAAO,EAAE,EAAE,cAAc,EAAE,MAAM,EAAE,KAAK,EAAE,CAAC,CAAC;QAErE,MAAM,YAAY,GAAG,IAAI,iBAAQ,CAC/B,IAAA,sBAAc,EAAC,IAAI,CAAC,KAAK,CAAC,EAC1B,CAAC,4BAA4B,CAAC,EAC9B,IAAI,CAAC,iBAAiB,CACvB,CAAC;QAEF,IAAI,CAAC;YACH,MAAM,WAAW,GAAG,MAAM,YAAY,CAAC,OAAO,CAAC,EAAE,KAAK,EAAE,CAAC,CAAC;YAC1D,MAAM,IAAI,CAAC,mBAAmB,CAC5B,WAAW,CAAC,IAAI,EAChB,iBAAS,CAAC,OAAO,EACjB,cAAc,CACf,CAAC;QACJ,CAAC;QAAC,OAAO,KAAK,EAAE,CAAC;YACf,OAAO,CAAC,KAAK,CAAC,KAAK,CAAC,CAAC;YACrB,IAAI,CAAC,SAAS,CAAC,iBAAS,CAAC,iBAAiB,EAAE,EAAE,KAAK,EAAE,cAAc,EAAE,CAAC,CAAC;QACzE,CAAC;IACH,CAAC;IAED;;;;;;OAMG;IACI,KAAK,CAAC,UAAU,CAAC,EACtB,WAAW,EACX,cAAc,GAIf;QACC,MAAM,IAAI,CAAC,0BAA0B,CAAC,cAAc,CAAC,CAAC;QAEtD,MAAM,MAAM,GAAG,IAAA,mBAAU,EAAC,WAAW,CAAC,QAAQ,EAAE,CAAC,CAAC;QAElD,IAAI,CAAC,SAAS,CAAC,iBAAS,CAAC,UAAU,EAAE,EAAE,cAAc,EAAE,MAAM,EAAE,CAAC,CAAC;QAEjE,MAAM,YAAY,GAAG,IAAI,iBAAQ,CAC/B,IAAA,sBAAc,EAAC,IAAI,CAAC,KAAK,CAAC,EAC1B,CAAC,oCAAoC,CAAC,EACtC,IAAI,CAAC,iBAAiB,CACvB,CAAC;QAEF,IAAI,CAAC;YACH,MAAM,WAAW,GAAG,MAAM,YAAY,CAAC,QAAQ,CAAC,MAAM,CAAC,CAAC;YACxD,MAAM,IAAI,CAAC,mBAAmB,CAC5B,WAAW,CAAC,IAAI,EAChB,iBAAS,CAAC,UAAU,EACpB,kBAAkB,CACnB,CAAC;QACJ,CAAC;QAAC,OAAO,KAAK,EAAE,CAAC;YACf,OAAO,CAAC,KAAK,CAAC,KAAK,CAAC,CAAC;YACrB,IAAI,CAAC,SAAS,CAAC,iBAAS,CAAC,iBAAiB,EAAE,EAAE,KAAK,EAAE,cAAc,EAAE,CAAC,CAAC;QACzE,CAAC;IACH,CAAC;IASO,KAAK,CAAC,OAAO,CAAC,EACpB,UAAU,EACV,MAAM,EACN,mBAAmB,EACnB,WAAW,EACX,SAAS,EACT,0BAA0B,GAQ3B;QACC,IAAI,cAAc,GAAG,UAAU,CAAC,IAAI,CAAC;QACrC,IAAI,0BAA0B,EAAE,CAAC;YAC/B,cAAc,GAAG,cAAc,CAAC,MAAM,CAAC,CAAC,GAAG,EAAE,EAAE,CAAC,GAAG,CAAC,QAAQ,CAAC,CAAC;QAChE,CAAC;QACD,MAAM,yBAAyB,GAAG,IAAA,+BAAuB,EAAC,cAAc,CAAC,CAAC;QAC1E,MAAM,iBAAiB,GAAG,+BAAmB,GAAG,yBAAyB,CAAC;QAE1E,MAAM,oBAAoB,GAAG,CAAC,WAAmB,EAAE,SAAkB,EAAE,EAAE;YACvE,OAAO;gBACL,KAAK,EAAE,mBAAmB;gBAC1B,MAAM,EAAE,IAAI,CAAC,+BAA+B,CAAC,WAAW,EAAE,WAAW,CAAC;gBACtE,SAAS,EAAE,IAAI,CAAC,+BAA+B,CAC7C,SAAS,IAAI,WAAW,EACxB,WAAW,CACZ;gBACD,SAAS;aACV,CAAC;QACJ,CAAC,CAAC;QAEF,MAAM,kBAAkB,GAA6B,EAAE,CAAC;QAExD,IAAI,MAAM,EAAE,CAAC;YACX,kBAAkB,CAAC,IAAI,CAAC,oBAAoB,CAAC,iBAAiB,EAAE,MAAM,CAAC,CAAC,CAAC;QAC3E,CAAC;QACD,IAAI,yBAAyB,GAAG,CAAC,EAAE,CAAC;YAClC,KAAK,MAAM,GAAG,IAAI,cAAc,EAAE,CAAC;gBACjC,kBAAkB,CAAC,IAAI,CACrB,oBAAoB,CAAC,IAAA,yBAAiB,EAAC,GAAG,CAAC,EAAE,GAAG,CAAC,SAAS,CAAC,CAC5D,CAAC;YACJ,CAAC;QACH,CAAC;QACD,OAAO,kBAAkB,CAAC;IAC5B,CAAC;IAEO,WAAW,CACjB,IAAW,EACX,aAAuB,EAAE;QAEzB,OAAO,IAAI,CAAC,GAAG,CAAC,CAAC,GAAG,EAAE,KAAK,EAAE,EAAE,CAAC,CAAC;YAC/B,QAAQ,EAAE,IAAA,wBAAgB,EACxB,GAAG,CAAC,cAAc,CAAC,WAAW,EAAmB,CAClD;YACD,KAAK,EACH,IAAA,+EAAuE,EACrE,GAAG,CAAC,QAAQ,CACb;YACH,UAAU,EAAE,GAAG,CAAC,UAAU,IAAI,SAAS;YACvC,MAAM,EAAE,UAAU,CAAC,KAAK,CAAC,CAAC,QAAQ,EAAE,IAAI,GAAG;SAC5C,CAAC,CAAC,CAAC;IACN,CAAC;IAED;;;;;;;;;;;;;;;;;;;;OAoBG;IACI,KAAK,CAAC,WAAW,CAAC,EACvB,KAAK,EACL,cAAc,EACd,WAAW,EACX,QAAQ,GAAG,CAAC,EACZ,MAAM,EACN,IAAI,EACJ,cAAc,EACd,mBAAmB,GAAG,IAAA,sBAAc,EAAC,IAAI,CAAC,KAAK,CAAC,EAChD,0BAA0B,GAAG,IAAI,EACjC,IAAI,GAAG,oBAAW,GAYnB;QACC,MAAM,IAAI,CAAC,0BAA0B,CAAC,cAAc,CAAC,CAAC;QAEtD,MAAM,EAAE,GAAG,EAAE,GAAG,MAAM,IAAI,CAAC,GAAG,CAAC,MAAM,CAAC,KAAK,CAAC,YAAY,EAAE,KAAK,CAAC,OAAO,CAAC,CAAC;QACzE,MAAM,uBAAuB,GAAG,IAAI,CAAC,WAAW,CAC9C,CAAC,GAAG,CAAC,EACL,CAAC,MAAM,CAAC,QAAQ,IAAI,CAAC,CAAC,CAAC,CACxB,CAAC;QAEF,MAAM,EAAE,SAAS,EAAE,GAAG,MAAM,IAAI,CAAC,mBAAmB,CAClD,iBAAS,CAAC,KAAK,EACf,mBAAmB,EACnB,cAAc,IAAI,IAAA,sCAA8B,GAAE,EAClD,WAAW,CACZ,CAAC;QAEF,MAAM,UAAU,GAAG,MAAM,IAAI,CAAC,GAAG,CAAC,aAAa,CAAC,GAAG,CAAC,UAAU,CAAC,CAAC;QAEhE,MAAM,qBAAqB,GAAG,MAAM,IAAI,CAAC,OAAO,CAAC;YAC/C,UAAU;YACV,mBAAmB;YACnB,WAAW,EAAE,SAAS;YACtB,0BAA0B;SAC3B,CAAC,CAAC;QAEH,IAAI,UAAU,CAAC,YAAY,EAAE,CAAC;YAC5B,IAAI,GAAG,UAAU,CAAC,YAAY,CAAC;QACjC,CAAC;QAED,MAAM,EAAE,iBAAiB,EAAE,GAAG,MAAM,IAAI,CAAC,YAAY,CAAC,WAAW,CAC/D;YACE,KAAK,EAAE;gBACL;oBACE,KAAK,EAAE,mBAAmB;oBAC1B,MAAM,EAAE,SAAS,CAAC,QAAQ,EAAE;iBAC7B;aACF;YACD,aAAa,EAAE,CAAC,GAAG,uBAAuB,EAAE,GAAG,qBAAqB,CAAC;YACrE,OAAO,EACL,cAAc,KAAK,SAAS;gBAC1B,CAAC,CAAC,MAAM,CAAC,cAAc,CAAC,CAAC,QAAQ,EAAE;gBACnC,CAAC,CAAC,IAAA,sCAA8B,GAAE,CAAC,QAAQ,EAAE;YACjD,IAAI;YACJ,MAAM;YACN,IAAI,EAAE,MAAM,CAAC,IAAI,IAAI,CAAC,CAAC,CAAC,QAAQ,EAAE;YAClC,gBAAgB,EAAE,IAAI,KAAK,oBAAW;YACtC,iBAAiB,EAAE,IAAI;SACxB,EACD,cAAc,CACf,CAAC;QACF,MAAM,KAAK,GAAG,MAAM,iBAAiB,EAAE,CAAC;QAExC,OAAO,IAAI,CAAC,GAAG,CAAC,SAAS,CAAC,KAAK,EAAE;YAC/B,QAAQ,EAAE,SAAS;YACnB,eAAe,EAAE,wCAAgC;YACjD,IAAI,EAAE,iBAAS,CAAC,KAAK;SACtB,CAAC,CAAC;IACL,CAAC;IAED;;;;;;;;;;;;;;;;;;;;;;;OAuBG;IACI,KAAK,CAAC,aAAa,CAAC,EACzB,KAAK,EACL,cAAc,EACd,WAAW,EACX,SAAS,EACT,QAAQ,GAAG,CAAC,EACZ,MAAM,EACN,IAAI,EACJ,WAAW,EACX,cAAc,EACd,mBAAmB,GAAG,eAAM,CAAC,WAAW,EACxC,YAAY,EACZ,cAAc,EACd,0BAA0B,GAAG,KAAK,EAClC,IAAI,GAAG,oBAAW,GAgBnB;QACC,MAAM,IAAI,CAAC,0BAA0B,CAAC,cAAc,CAAC,CAAC;QAEtD,MAAM,EAAE,GAAG,EAAE,GAAG,MAAM,IAAI,CAAC,GAAG,CAAC,MAAM,CAAC,KAAK,CAAC,YAAY,EAAE,KAAK,CAAC,OAAO,CAAC,CAAC;QACzE,MAAM,eAAe,GAAG,IAAI,CAAC,WAAW,CAAC,CAAC,GAAG,CAAC,EAAE,CAAC,MAAM,CAAC,QAAQ,IAAI,CAAC,CAAC,CAAC,CAAC,CAAC;QAEzE,IAAI,cAAc,EAAE,CAAC;YACnB,MAAM,IAAI,KAAK,CAAC,qDAAqD,CAAC,CAAC;QACzE,CAAC;QACD,IAAI,cAAc,IAAI,mBAAmB,IAAI,eAAM,CAAC,WAAW,EAAE,CAAC;YAChE,MAAM,IAAI,KAAK,CACb,2DAA2D,CAC5D,CAAC;QACJ,CAAC;QAED,MAAM,EAAE,SAAS,EAAE,QAAQ,EAAE,GAAG,MAAM,IAAI,CAAC,mBAAmB,CAC5D,iBAAS,CAAC,OAAO,EACjB,mBAAmB,EACnB,cAAc,IAAI,IAAA,sCAA8B,GAAE,EAClD,WAAW,EACX,SAAS,IAAI,SAAS,CACvB,CAAC;QAEF,MAAM,UAAU,GAAG,MAAM,IAAI,CAAC,GAAG,CAAC,aAAa,CAAC,GAAG,CAAC,UAAU,CAAC,CAAC;QAEhE,MAAM,qBAAqB,GAAG,MAAM,IAAI,CAAC,OAAO,CAAC;YAC/C,UAAU;YACV,MAAM,EAAE,cAAc;YACtB,mBAAmB;YACnB,WAAW,EAAE,SAAS;YACtB,SAAS,EAAE,QAAQ;YACnB,0BAA0B;SAC3B,CAAC,CAAC;QAEH,IAAI,YAAY,EAAE,CAAC;YACjB,qBAAqB,CAAC,IAAI,CACxB,GAAG,IAAA,iDAA+B,EAAC,eAAe,EAAE,YAAY,CAAC,CAClE,CAAC;QACJ,CAAC;QAED,IAAI,cAAc,EAAE,CAAC;YACnB,IAAI,GAAG,IAAA,mBAAW,EAAC,IAAI,CAAC,KAAK,CAAC;gBAC5B,CAAC,CAAC,yCAA6B;gBAC/B,CAAC,CAAC,yCAA6B,CAAC;QACpC,CAAC;aAAM,IAAI,UAAU,CAAC,YAAY,EAAE,CAAC;YACnC,IAAI,GAAG,UAAU,CAAC,YAAY,CAAC;QACjC,CAAC;QAED,MAAM,EAAE,iBAAiB,EAAE,GAAG,MAAM,IAAI,CAAC,YAAY,CAAC,WAAW,CAC/D;YACE,KAAK,EAAE,eAAe;YACtB,aAAa,EAAE,qBAAqB;YACpC,SAAS,EAAE,WAAW,EAAE,QAAQ,EAAE;YAClC,OAAO,EACL,cAAc,EAAE,QAAQ,EAAE;gBAC1B,IAAA,sCAA8B,GAAE,CAAC,QAAQ,EAAE;YAC7C,IAAI;YACJ,MAAM;YACN,IAAI,EAAE,MAAM,CAAC,IAAI,IAAI,CAAC,CAAC,CAAC,QAAQ,EAAE;YAClC,gBAAgB,EAAE,IAAI,KAAK,oBAAW;YACtC,iBAAiB,EAAE,cAAc,CAAC,CAAC,CAAC,KAAK,CAAC,CAAC,CAAC,IAAI;SACjD,EACD,cAAc,CACf,CAAC;QACF,MAAM,KAAK,GAAG,MAAM,iBAAiB,EAAE,CAAC;QAExC,OAAO,IAAI,CAAC,GAAG,CAAC,SAAS,CAAC,KAAK,EAAE;YAC/B,QAAQ,EAAE,SAAS;YACnB,eAAe,EAAE,wCAAgC;YACjD,IAAI,EAAE,iBAAS,CAAC,OAAO;SACxB,CAAC,CAAC;IACL,CAAC;IAED;;;;;;;;;;;;;;;;OAgBG;IACI,KAAK,CAAC,qBAAqB,CAAC,EACjC,cAAc,EACd,cAAc,EACd,MAAM,EACN,QAAQ,EACR,MAAM,EACN,IAAI,EACJ,cAAc,EACd,mBAAmB,GAAG,IAAA,sBAAc,EAAC,IAAI,CAAC,KAAK,CAAC,EAChD,0BAA0B,GAAG,KAAK,EAClC,sBAAsB,GAAG,IAAI,EAC7B,SAAS,EACT,UAAU,GAcX;QACC,MAAM,IAAI,CAAC,0BAA0B,CAAC,cAAc,CAAC,CAAC;QAEtD,MAAM,UAAU,GAAG,MAAM,IAAI,CAAC,GAAG,CAAC,aAAa,CAAC,cAAc,CAAC,CAAC;QAChE,MAAM,gBAAgB,GAAG,MAAM,IAAI,CAAC,GAAG,CAAC,UAAU,CAChD,cAAc,EACd,QAAQ,EACR,cAAc,EACd,sBAAsB,EACtB,SAAS,EACT,UAAU,CACX,CAAC;QACF,MAAM,IAAI,GAAG,gBAAgB,CAAC,iBAAiB,CAAC,aAAa,CAAC,CAAC,CAAC,CAAC;QACjE,MAAM,0BAA0B,GAAG;YACjC,QAAQ,EAAE,IAAI,CAAC,QAAQ;YACvB,KAAK,EAAE,IAAI,CAAC,KAAK;YACjB,UAAU,EAAE,IAAI,CAAC,oBAAoB;YACrC,MAAM,EAAE,IAAI,CAAC,WAAW;SACzB,CAAC;QAEF,MAAM,EAAE,SAAS,EAAE,GAAG,MAAM,IAAI,CAAC,mBAAmB,CAClD,iBAAS,CAAC,OAAO,EACjB,mBAAmB,EACnB,cAAc,IAAI,IAAA,sCAA8B,GAAE,EAClD,MAAM,CACP,CAAC;QACF,MAAM,qBAAqB,GAAG,MAAM,IAAI,CAAC,OAAO,CAAC;YAC/C,UAAU;YACV,mBAAmB;YACnB,WAAW,EAAE,SAAS;YACtB,SAAS,EAAE,SAAS;YACpB,0BAA0B;SAC3B,CAAC,CAAC;QAEH,MAAM,kBAAkB,GAAG;YACzB,0BAA0B;YAC1B,GAAG,qBAAqB;SACzB,CAAC;QAEF,MAAM,OAAO,GAAG;YACd,OAAO,EAAE,cAAc;YACvB,KAAK,EAAE;gBACL;oBACE,KAAK,EAAE,mBAAmB;oBAC1B,MAAM,EAAE,SAAS,CAAC,QAAQ,EAAE;iBAC7B;aACF;YACD,aAAa,EAAE,kBAAkB;YACjC,OAAO,EACL,cAAc,EAAE,QAAQ,EAAE;gBAC1B,IAAA,sCAA8B,GAAE,CAAC,QAAQ,EAAE;YAC7C,IAAI,EAAE,gBAAgB,CAAC,iBAAiB,CAAC,IAAI;YAC7C,MAAM;YACN,IAAI,EAAE,MAAM,CAAC,IAAI,IAAI,CAAC,CAAC,CAAC,QAAQ,EAAE;YAClC,gBAAgB,EAAE,IAAI;YACtB,iBAAiB,EAAE,IAAI;SACxB,CAAC;QAEF,MAAM,EAAE,iBAAiB,EAAE,GAAG,MAAM,IAAI,CAAC,YAAY,CAAC,WAAW,CAC/D,OAAO,EACP,cAAc,CACf,CAAC;QACF,MAAM,KAAK,GAAG,MAAM,iBAAiB,EAAE,CAAC;QAExC,OAAO,IAAI,CAAC,GAAG,CAAC,mBAAmB,CACjC,KAAK,EACL,cAAc,EACd,SAAS,EACT,UAAU,CACX,CAAC;IACJ,CAAC;IAED;;;;;;;;;OASG;IACK,KAAK,CAAC,mBAAmB,CAAC,EAChC,KAAK,EACL,cAAc,EACd,MAAM,EACN,SAAS,GAMV;QACC,IAAI,CAAC,KAAK,CAAC,KAAK,EAAE,OAAO,EAAE,CAAC;YAC1B,MAAM,IAAI,KAAK,CACb,4DAA4D,CAC7D,CAAC;QACJ,CAAC;QACD,MAAM,YAAY,GAAG,IAAA,qDAAmC,EACtD,KAAK,CAAC,YAAY,EAClB,KAAK,CAAC,KAAK,CAAC,OAAO,CACpB,CAAC;QACF,MAAM,YAAY,GAAG,IAAA,+CAA6B,EAAC,KAAK,CAAC,YAAY,CAAC,CAAC;QACvE,MAAM,OAAO,GAAG,IAAI,CAAC,UAAU,CAAC,KAAK,CAAC,eAAe,CAAC,CAAC;QACvD,MAAM,WAAW,GAAG,MAAM,OAAO;aAC9B,WAAW,CAAC;YACX,MAAM,EAAE,CAAC,KAAK,CAAC,YAAY,EAAE,YAAY,CAAC;YAC1C,YAAY;YACZ,SAAS,EAAE;gBACT,GAAG,SAAS;gBACZ,KAAK,EAAE,YAAY,CAAC,UAAU,CAAC,KAAK,CAAC,CAAC,CAAC,CAAC,WAAW;aACpD;YACD,cAAc;YACd,MAAM;SACP,CAAC;aACD,QAAQ,EAAE,CAAC;QACd,MAAM,kBAAkB,GAAG,MAAM,WAAW,CAAC,IAAI,EAAE,CAAC;QACpD,IAAI,CAAC,kBAAkB,EAAE,CAAC;YACxB,MAAM,IAAI,KAAK,CAAC,6BAA6B,CAAC,CAAC;QACjD,CAAC;QAED,MAAM,IAAI,CAAC,mBAAmB,CAC5B,kBAAkB,CAAC,IAAI,EACvB,iBAAS,CAAC,WAAW,EACrB,kBAAkB,CACnB,CAAC;QACF,OAAO,kBAAkB,CAAC,IAAI,CAAC;IACjC,CAAC;IAED;;;;;;;;;;;;;OAaG;IACI,KAAK,CAAC,YAAY,CAAC,EACxB,KAAK,EACL,cAAc,EACd,gBAAgB,EAChB,MAAM,EACN,SAAS,GAOV;QACC,MAAM,IAAI,CAAC,0BAA0B,CAAC,cAAc,CAAC,CAAC;QAEtD,MAAM,eAAe,GAClB,KAAiB,CAAC,eAAe,IAAK,KAAe,CAAC,gBAAgB,CAAC;QAC1E,IAAA,4BAAoB,EAAC,eAAe,CAAC,CAAC;QAEtC,MAAM,SAAS,GACZ,KAAiB,CAAC,SAAS,IAAK,KAAe,CAAC,UAAU,CAAC;QAE9D,MAAM,IAAI,GACP,KAAiB,CAAC,IAAI;YACvB,CAAC,CAAC,iBAAS,CAAC,KAAK,EAAE,iBAAS,CAAC,OAAO,CAAC,CAAC,QAAQ,CAAE,KAAiB,CAAC,IAAI,CAAC;gBACrE,CAAC,CAAC,iBAAS,CAAC,OAAO;gBACnB,CAAC,CAAC,iBAAS,CAAC,KAAK,CAAC,CAAC;QAEvB,IAAI,SAAS,GAAuB,SAAS,CAAC;QAE9C,MAAM,YAAY,GACf,KAAiB,CAAC,YAAY,IAAK,KAAe,CAAC,aAAa,CAAC;QAEpE,IAAI,SAAS,EAAE,CAAC;YACd,MAAM,MAAM,GAAG,MAAM,IAAI,CAAC,GAAG,CAAC,uBAAuB,CACnD,cAAc,EACd,SAAS,EACT,eAAe,EACf,IAAI,CACL,CAAC;YAEF,wDAAwD;YACxD,2DAA2D;YAC3D,MAAM,SAAS,GAAG,MAAM,CAAC,gBAAgB,CAAC,WAAW,CAAC,UAAU,CAAC;YACjE,IAAI,QAAQ,IAAI,SAAS,IAAI,WAAW,IAAI,SAAS,CAAC,MAAM,CAAC,CAAC,CAAC,EAAE,CAAC;gBAChE,SAAS,GAAI,SAAS,CAAC,MAAM,CAAC,CAAC,CAAmB,CAAC,SAAS,CAAC;YAC/D,CAAC;YACD,MAAM,SAAS,GAAG,MAAM,CAAC,gBAAgB,CAAC,MAAM,CAAC,CAAC,CAAC,CAAC,SAAS,CAAC;YAC9D,YAAY,CAAC,SAAS,GAAG,SAAS,CAAC;QACrC,CAAC;QAED,MAAM,gBAAgB,GAAG,OAAO,IAAI,KAAK,CAAC,CAAC,CAAC,CAAC,CAAC,KAAK,CAAC,KAAK,CAAC,CAAC,CAAC,KAAK,CAAC;QAClE,IAAI,gBAAgB,EAAE,CAAC;YACrB,IAAI,gBAAgB,EAAE,CAAC;gBACrB,MAAM,IAAI,KAAK,CACb,+DAA+D,CAChE,CAAC;YACJ,CAAC;YACD,OAAO,IAAI,CAAC,mBAAmB,CAAC;gBAC9B,KAAK,EAAE,KAAgB;gBACvB,cAAc;gBACd,MAAM;gBACN,SAAS;aACV,CAAC,CAAC;QACL,CAAC;QAED,MAAM,OAAO,GAAG,IAAI,CAAC,UAAU,CAAC,eAAe,CAAC,CAAC;QACjD,MAAM,EAAE,iBAAiB,EAAE,GAAG,MAAM,OAAO,CAAC,YAAY,CAAC;YACvD,KAAK,EAAE,YAAY;YACnB,cAAc;YACd,gBAAgB;YAChB,SAAS;YACT,MAAM;YACN,SAAS;SACV,CAAC,CAAC;QACH,MAAM,WAAW,GAAG,MAAM,iBAAiB,EAAE,CAAC;QAE9C,MAAM,eAAe,GAAG,eAAM,CAAC,WAAW,CAAC,IAAI,CAAC,WAAW,CAAC,CAAC,IAAI,CAAC;QAClE,IAAI,CAAC,eAAe,EAAE,CAAC;YACrB,MAAM,IAAI,KAAK,CAAC,0BAA0B,CAAC,CAAC;QAC9C,CAAC;QAED,MAAM,IAAI,CAAC,mBAAmB,CAC5B,eAAe,EACf,iBAAS,CAAC,WAAW,EACrB,kBAAkB,CACnB,CAAC;QACF,OAAO,eAAe,CAAC;IACzB,CAAC;IAED;;;OAGG;IACK,UAAU,CAAC,eAAuB;QACxC,MAAM,0BAA0B,GAAG,eAAM,CAAC,UAAU,CAAC,eAAe,CAAC,CAAC;QACtE,QAAQ,0BAA0B,EAAE,CAAC;YACnC,KAAK,4CAAgC;gBACnC,OAAO,IAAI,CAAC,YAAY,CAAC;YAC3B;gBACE,MAAM,IAAI,KAAK,CAAC,iCAAiC,eAAe,EAAE,CAAC,CAAC;QACxE,CAAC;IACH,CAAC;IAED;;;;;;;;;OASG;IACK,KAAK,CAAC,mBAAmB,CAAC,EAChC,MAAM,EACN,cAAc,EACd,MAAM,EACN,eAAe,GAAG,wCAAgC,EAClD,SAAS,GAOV;QACC,MAAM,OAAO,GAAG,IAAI,CAAC,UAAU,CAAC,eAAe,CAAC,CAAC;QAEjD,MAAM,WAAW,GAAG,MAAM,OAAO;aAC9B,YAAY,CAAC,MAAM,EAAE,cAAc,EAAE,MAAM,EAAE,SAAS,CAAC;aACvD,QAAQ,EAAE,CAAC;QAEd,OAAO,WAAW,CAAC,IAAI,CAAC;IAC1B,CAAC;IAED;;;;;;;;;OASG;IACI,KAAK,CAAC,WAAW,CAAC,EACvB,KAAK,EACL,cAAc,EACd,MAAM,GAKP;QACC,MAAM,IAAI,CAAC,0BAA0B,CAAC,cAAc,CAAC,CAAC;QACtD,IAAA,4BAAoB,EAAC,KAAK,CAAC,eAAe,CAAC,CAAC;QAE5C,IAAI,CAAC,SAAS,CAAC,iBAAS,CAAC,WAAW,EAAE,EAAE,OAAO,EAAE,KAAK,EAAE,cAAc,EAAE,CAAC,CAAC;QAE1E,wCAAwC;QACxC,MAAM,eAAe,GAAG,MAAM,IAAI,CAAC,mBAAmB,CAAC;YACrD,MAAM,EAAE,CAAC,KAAK,CAAC,YAAY,CAAC,UAAU,CAAC;YACvC,cAAc;YACd,MAAM;YACN,eAAe,EAAE,KAAK,CAAC,eAAe;SACvC,CAAC,CAAC;QAEH,iCAAiC;QACjC,MAAM,IAAI,CAAC,mBAAmB,CAC5B,eAAe,EACf,iBAAS,CAAC,WAAW,EACrB,kBAAkB,CACnB,CAAC;IACJ,CAAC;IAEO,kBAAkB,CAAC,eAAuB;QAChD,MAAM,0BAA0B,GAAG,eAAM,CAAC,UAAU,CAAC,eAAe,CAAC,CAAC;QACtE,QAAQ,0BAA0B,EAAE,CAAC;YACnC,KAAK,4CAAgC;gBACnC,OAAO,KAAK,CAAC;YACf;gBACE,MAAM,IAAI,KAAK,CAAC,yCAAyC,CAAC,CAAC;QAC/D,CAAC;IACH,CAAC;IAED;;;OAGG;IACK,KAAK,CAAC,oBAAoB,CAChC,eAAuB,EACvB,SAAiB,EACjB,KAAY;QAEZ,MAAM,OAAO,GAAG,IAAA,kBAAU,EAAC,KAAK,CAAC,CAAC;QAClC,MAAM,IAAI,GAAG,SAAS,CAAC;QACvB,MAAM,OAAO,GAAG,IAAI,CAAC,kBAAkB,CAAC,eAAe,CAAC,CAAC;QAEzD,IACE,OAAQ,IAAI,CAAC,iBAA4B,CAAC,aAAa,IAAI,WAAW,EACtE,CAAC;YACD,MAAM,IAAI,KAAK,CACb,2EAA2E,CAC5E,CAAC;QACJ,CAAC;QAED,OAAQ,IAAI,CAAC,iBAA4B,CAAC,aAAa,CACrD,EAAE,OAAO,EAAE,IAAI,EAAE,OAAO,EAAE,iBAAiB,EAAE,eAAe,EAAE,EAC9D,EAAE,SAAS,EAAE,CAAC,EAAE,IAAI,EAAE,WAAW,EAAE,IAAI,EAAE,SAAS,EAAE,CAAC,EAAE,EACvD,EAAE,SAAS,EAAE,CACd,CAAC;IACJ,CAAC;IAED;;;;;;;;;;;;;;OAcG;IACI,KAAK,CAAC,mBAAmB,CAC9B,eAAuB,EACvB,SAAiB,EACjB,QAAe,IAAI,CAAC,KAAK,EACzB,gBAAyB,EACzB,iCAA2C;QAE3C,IAAI,iCAAiC,EAAE,CAAC;YACtC,gBAAgB,GAAG,MAAM,IAAI,CAAC,oBAAoB,CAChD,eAAe,EACf,SAAS,EACT,KAAK,CACN,CAAC;QACJ,CAAC;QACD,OAAO,IAAI,CAAC,GAAG,CAAC,mBAAmB,CACjC,eAAe,EACf,SAAS,EACT,KAAK,EACL,gBAAgB,CACjB,CAAC;IACJ,CAAC;IAED;;;;;;;;;;;OAWG;IACI,KAAK,CAAC,kBAAkB,CAAC,EAC9B,KAAK,EACL,cAAc,GAIf;QACC,IAAA,4BAAoB,EAAC,KAAK,CAAC,eAAe,CAAC,CAAC;QAE5C,MAAM,OAAO,GAAG,IAAI,CAAC,UAAU,CAAC,KAAK,CAAC,eAAe,CAAC,CAAC;QAEvD,IAAI,CAAC;YACH,MAAM,OAAO,GAAG,MAAM,OAAO;iBAC1B,QAAQ,CAAC,CAAC,KAAK,CAAC,YAAY,CAAC,EAAE,cAAc,CAAC;iBAC9C,UAAU,EAAE,CAAC;YAChB,OAAO,CAAC,CAAC,OAAO,CAAC;QACnB,CAAC;QAAC,OAAO,KAAK,EAAE,CAAC;YACf,IAAI,IAAA,oBAAY,EAAC,KAAK,CAAC,IAAI,KAAK,CAAC,IAAI,KAAK,gBAAgB,EAAE,CAAC;gBAC3D,OAAO,KAAK,CAAC;YACf,CAAC;YACD,MAAM,KAAK,CAAC;QACd,CAAC;IACH,CAAC;IAED;;;;;;;;OAQG;IACI,KAAK,CAAC,UAAU,CAAC,EACtB,cAAc,EACd,KAAK,GAIN;QACC,QAAQ,KAAK,CAAC,aAAa,EAAE,CAAC;YAC5B,KAAK,qBAAa,CAAC,KAAK,CAAC,CAAC,CAAC;gBACzB,MAAM,QAAQ,GAAG,0BAAc,CAAC,OAAO,CACrC,KAAK,CAAC,YAAY,EAClB,IAAI,CAAC,QAAQ,CACd,CAAC;gBACF,OAAO,MAAM,QAAQ,CAAC,SAAS,CAAC,UAAU,CAAC,cAAc,CAAC,CAAC;YAC7D,CAAC;YACD,KAAK,qBAAa,CAAC,OAAO,CAAC,CAAC,CAAC;gBAC3B,IAAI,KAAK,CAAC,OAAO,KAAK,SAAS,IAAI,KAAK,CAAC,OAAO,KAAK,IAAI,EAAE,CAAC;oBAC1D,MAAM,IAAI,KAAK,CAAC,wCAAwC,CAAC,CAAC;gBAC5D,CAAC;gBACD,MAAM,QAAQ,GAAG,4BAAgB,CAAC,OAAO,CACvC,KAAK,CAAC,YAAY,EAClB,IAAI,CAAC,QAAQ,CACd,CAAC;gBACF,OAAO,MAAM,QAAQ,CAAC,SAAS,CAAC,UAAU,CACxC,cAAc,EACd,KAAK,CAAC,OAAO,CACd,CAAC;YACJ,CAAC;YACD,KAAK,qBAAa,CAAC,MAAM,CAAC,CAAC,CAAC;gBAC1B,IAAI,KAAK,CAAC,OAAO,KAAK,SAAS,IAAI,KAAK,CAAC,OAAO,KAAK,IAAI,EAAE,CAAC;oBAC1D,MAAM,IAAI,KAAK,CAAC,uCAAuC,CAAC,CAAC;gBAC3D,CAAC;gBACD,MAAM,QAAQ,GAAG,2BAAe,CAAC,OAAO,CACtC,KAAK,CAAC,YAAY,EAClB,IAAI,CAAC,QAAQ,CACd,CAAC;gBACF,IAAI,CAAC;oBACH,MAAM,KAAK,GAAG,MAAM,QAAQ,CAAC,OAAO,CAAC,UAAU,CAAC,KAAK,CAAC,OAAO,CAAC,CAAC;oBAC/D,OAAO,MAAM,CAAC,KAAK,CAAC,WAAW,EAAE,IAAI,cAAc,CAAC,WAAW,EAAE,CAAC,CAAC;oBACnE,8DAA8D;gBAChE,CAAC;gBAAC,OAAO,KAAU,EAAE,CAAC;oBACpB,IAAI,CAAC,MAAM,CACT,iCAAiC,KAAK,CAAC,OAAO,IAAI,KAAK,EAAE,CAC1D,CAAC;oBACF,OAAO,EAAE,CAAC;gBACZ,CAAC;YACH,CAAC;YACD;gBACE,MAAM,IAAI,KAAK,CAAC,2CAA2C,CAAC,CAAC;QACjE,CAAC;IACH,CAAC;IAED;;;;;;;;OAQG;IACI,KAAK,CAAC,QAAQ,CAAC,EACpB,KAAK,EACL,MAAM,EACN,WAAW,EACX,SAAS,EACT,SAAS,GAOV;QACC,MAAM,IAAI,CAAC,0BAA0B,CAAC,WAAW,CAAC,CAAC;QACnD,SAAS,GAAG,EAAE,GAAG,SAAS,EAAE,IAAI,EAAE,WAAW,EAAE,CAAC;QAChD,IAAI,WAAiD,CAAC;QAEtD,QAAQ,KAAK,CAAC,aAAa,EAAE,CAAC;YAC5B,KAAK,qBAAa,CAAC,KAAK,CAAC,CAAC,CAAC;gBACzB,IAAI,CAAC,MAAM,EAAE,CAAC;oBACZ,MAAM,IAAI,KAAK,CAAC,mCAAmC,CAAC,CAAC;gBACvD,CAAC;gBACD,MAAM,QAAQ,GAAG,0BAAc,CAAC,OAAO,CACrC,KAAK,CAAC,YAAY,EAClB,IAAI,CAAC,iBAAiB,CACvB,CAAC;gBACF,WAAW,GAAG,QAAQ,CAAC,QAAQ,CAAC,SAAS,EAAE,MAAM,EAAE,SAAS,CAAC,CAAC;gBAC9D,MAAM;YACR,CAAC;YACD,KAAK,qBAAa,CAAC,OAAO,CAAC,CAAC,CAAC;gBAC3B,IAAI,KAAK,CAAC,OAAO,KAAK,SAAS,IAAI,KAAK,CAAC,OAAO,KAAK,IAAI,EAAE,CAAC;oBAC1D,MAAM,IAAI,KAAK,CAAC,sCAAsC,CAAC,CAAC;gBAC1D,CAAC;gBACD,IAAI,CAAC,MAAM,EAAE,CAAC;oBACZ,MAAM,IAAI,KAAK,CAAC,qCAAqC,CAAC,CAAC;gBACzD,CAAC;gBACD,MAAM,QAAQ,GAAG,4BAAgB,CAAC,OAAO,CACvC,KAAK,CAAC,YAAY,EAClB,IAAI,CAAC,iBAAiB,CACvB,CAAC;gBACF,WAAW,GAAG,QAAQ,CAAC,gBAAgB,CACrC,WAAW,EACX,SAAS,EACT,KAAK,CAAC,OAAO,EACb,MAAM,EACN,EAAE,EACF,SAAS,CACV,CAAC;gBACF,MAAM;YACR,CAAC;YACD,KAAK,qBAAa,CAAC,MAAM,CAAC,CAAC,CAAC;gBAC1B,IAAI,KAAK,CAAC,OAAO,KAAK,SAAS,IAAI,KAAK,CAAC,OAAO,KAAK,IAAI,EAAE,CAAC;oBAC1D,MAAM,IAAI,KAAK,CAAC,qCAAqC,CAAC,CAAC;gBACzD,CAAC;gBACD,MAAM,QAAQ,GAAG,2BAAe,CAAC,OAAO,CACtC,KAAK,CAAC,YAAY,EAClB,IAAI,CAAC,iBAAiB,CACvB,CAAC;gBACF,WAAW,GAAG,QAAQ,CAAC,YAAY,CACjC,WAAW,EACX,SAAS,EACT,KAAK,CAAC,OAAO,EACb,SAAS,CACV,CAAC;gBACF,MAAM;YACR,CAAC;YACD;gBACE,MAAM,IAAI,KAAK,CAAC,yCAAyC,CAAC,CAAC;QAC/D,CAAC;QAED,IAAI,CAAC;YACH,MAAM,mBAAmB,GAAG,MAAM,WAAW,CAAC;YAC9C,MAAM,IAAI,CAAC,mBAAmB,CAC5B,mBAAmB,CAAC,IAAI,EACxB,iBAAS,CAAC,QAAQ,EAClB,oBAAoB,CACrB,CAAC;QACJ,CAAC;QAAC,OAAO,KAAK,EAAE,CAAC;YACf,OAAO,CAAC,KAAK,CAAC,KAAK,CAAC,CAAC;YACrB,IAAI,CAAC,SAAS,CAAC,iBAAS,CAAC,iBAAiB,EAAE;gBAC1C,KAAK;gBACL,cAAc,EAAE,WAAW;aAC5B,CAAC,CAAC;QACL,CAAC;IACH,CAAC;IAED;;;;;;;;;OASG;IACI,KAAK,CAAC,YAAY,CAAC,KAAc,EAAE,MAAe;QACvD,MAAM,IAAI,CAAC,0BAA0B,CAAC,KAAK,CAAC,KAAK,CAAC,OAAO,CAAC,CAAC;QAC3D,IAAA,4BAAoB,EAAC,KAAK,CAAC,eAAe,CAAC,CAAC;QAE5C,IAAI,CAAC,SAAS,CAAC,iBAAS,CAAC,
[...]
;AAAA,+BAA8B;AAC9B,iCAAoC;AACpC,mCASiB;AACjB,mDAAoE;AACpE,2CAAiD;AACjD,kDAAkD;AAClD,0CAAkD;AAElD,MAAM,QAAQ,GAAG,IAAI,CAAC,KAAK,CAAC,IAAI,CAAC,GAAG,EAAE,GAAG,IAAI,CAAC,GAAG,IAAI,CAAC;AACtD,MAAM,cAAc,GAAG,QAAQ,CAAC;AAEhC,IAAA,aAAK,EAAC,oBAAoB,EAAE,GAAG,EAAE;IAC/B,IAAA,YAAI,EAAC,sBAAsB,EAAE,KAAK,IAAI,EAAE;QACtC,MAAM,KAAK,GAAG;YACZ,cAAc,EAAE,qBAAa;YAC7B,WAAW,EAAE,CAAC,wBAAY;YAC1B,KAAK,EAAE;gBACL,YAAY,EAAE,4CAA4C;gBAC1D,OAAO,EAAE,MAAM;aAChB;YACD,cAAc;SACf,CAAC;QACF,MAAM,KAAK,GAAG,MAAM,WAAG,CAAC,WAAW,CAAC,KAAK,CAAC,CAAC;QAC3C,IAAA,wBAAgB,EAAC,KAAK,CAAC,CAAC;QACxB,IAAA,aAAM,EAAC,KAAK,CAAC,cAAc,CAAC,CAAC,EAAE,CAAC,KAAK,CAAC,cAAc,CAAC,CAAC;QACtD,IAAA,aAAM,EAAC,KAAK,CAAC,YAAY,CAAC,UAAU,CAAC,OAAO,CAAC,CAAC,EAAE,CAAC,KAAK,CACpD,cAAc,CAAC,QAAQ,EAAE,CAC1B,CAAC;IACJ,CAAC,CAAC,CAAC;IAEH,IAAA,YAAI,EAAC,sBAAsB,EAAE,KAAK,IAAI,EAAE;QACtC,MAAM,KAAK,GAAG;YACZ,cAAc,EAAE,qBAAa;YAC7B,WAAW,EAAE,CAAC,wBAAY;YAC1B,KAAK,EAAE;gBACL,YAAY,EAAE,4CAA4C;gBAC1D,OAAO,EAAE,MAAM;aAChB;YACD,cAAc;SACf,CAAC;QACF,MAAM,KAAK,GAAG,MAAM,WAAG,CAAC,WAAW,CAAC,KAAK,CAAC,CAAC;QAC3C,IAAA,wBAAgB,EAAC,KAAK,CAAC,CAAC;IAC1B,CAAC,CAAC,CAAC;IAEH,IAAA,YAAI,EAAC,wBAAwB,EAAE,KAAK;QAClC,IAAI,CAAC,6BAAqB,IAAI,CAAC,wBAAgB,EAAE,CAAC;YAChD,IAAI,CAAC,IAAI,EAAE,CAAC;QACd,CAAC;QACD,MAAM,OAAO,GAAG;YACd,cAAc,EAAE,qBAAa;YAC7B,WAAW,EAAE,sBAAc;YAC3B,KAAK,EAAE;gBACL,YAAY,EAAE,6BAA+B;gBAC7C,OAAO,EAAE,wBAA0B;aACpC;YACD,cAAc;SACf,CAAC;QACF,MAAM,KAAK,GAAG,MAAM,WAAG,CAAC,aAAa,CAAC,OAAO,CAAC,CAAC;QAC/C,IAAA,wBAAgB,EAAC,KAAK,CAAC,CAAC;IAC1B,CAAC,CAAC,CAAC;IAEH,IAAA,YAAI,EAAC,wCAAwC,EAAE,KAAK;QAClD,sDAAsD;QACtD,IAAI,CAAC,IAAI,EAAE,CAAC;QAEZ,IAAI,CAAC,6BAAqB,IAAI,CAAC,wBAAgB,EAAE,CAAC;YAChD,IAAI,CAAC,IAAI,EAAE,CAAC;QACd,CAAC;QACD,MAAM,OAAO,GAAG;YACd,cAAc,EAAE,qBAAa;YAC7B,WAAW,EAAE,sBAAc;YAC3B,KAAK,EAAE;gBACL,YAAY,EAAE,6BAA+B;gBAC7C,OAAO,EAAE,wBAA0B;aACpC;YACD,cAAc,EAAE,IAAI;YACpB,cAAc;SACf,CAAC;QACF,IAAI,CAAC;YACH,MAAM,KAAK,GAAG,MAAM,WAAG,CAAC,aAAa,CAAC,OAAO,CAAC,CAAC;YAC/C,IAAA,wBAAgB,EAAC,KAAK,CAAC,CAAC;YACxB,IAAA,aAAM,EAAC,KAAK,CAAC,YAAY,CAAC,UAAU,CAAC,IAAI,CAAC,WAAW,EAAE,CAAC,CAAC,EAAE,CAAC,KAAK,CAC/D,yCAA6B,CAC9B,CAAC;YACF,8DAA8D;QAChE,CAAC;QAAC,OAAO,KAAU,EAAE,CAAC;YACpB,IAAA,aAAM,EACJ,KAAK,CAAC,OAAO,CAAC,QAAQ,CACpB,gGAAgG,CACjG,CACF,CAAC;QACJ,CAAC;IACH,CAAC,CAAC,CAAC;IAEH,YAAI,CAAC,IAAI,CAAC,wBAAwB,EAAE,KAAK;QACvC,MAAM,OAAO,GAAG;YACd,cAAc,EAAE,qBAAa;YAC7B,mBAAmB,EAAE,IAAA,sBAAc,EAAC,kBAAU,CAAC,KAAK,CAAC;YACrD,WAAW,EAAE,CAAC,sBAAc,GAAG,OAAS;YACxC,KAAK,EAAE;gBACL,YAAY,EAAE,6BAA+B;gBAC7C,OAAO,EAAE,wBAA0B;aACpC;YACD,cAAc;SACf,CAAC;QACF,MAAM,KAAK,GAAG,MAAM,kBAAU,CAAC,aAAa,CAAC,OAAO,CAAC,CAAC;QACtD,IAAA,wBAAgB,EAAC,KAAK,CAAC,CAAC;IAC1B,CAAC,CAAC,CAAC;IAEH,YAAI,CAAC,IAAI,CAAC,iCAAiC,EAAE,KAAK,IAAI,EAAE;QACtD,MAAM,UAAU,GAAG,MAAM,WAAG,CAAC,GAAG,CAAC,aAAa,CAAC,eAAe,CAAC,CAAC;QAChE,MAAM,mBAAmB,GAAG,IAAA,sBAAc,EAAC,WAAG,CAAC,KAAK,CAAC,CAAC;QACtD,MAAM,gBAAgB,GAAG;YACvB,cAAc,EAAE,UAAU,CAAC,UAAU;YACrC,cAAc,EAAE,qBAAa;YAC7B,MAAM,EAAE,wBAAY;YACpB,QAAQ,EAAE,CAAC;YACX,mBAAmB;YACnB,cAAc;SACf,CAAC;QACF,MAAM,aAAa,GAAG,MAAM,WAAG,CAAC,qBAAqB,CAAC,gBAAgB,CAAC,CAAC;QACxE,IAAA,aAAM,EAAC,aAAa,CAAC,CAAC,EAAE,CAAC,KAAK,CAAC,GAAG,CAAC,EAAE,CAAC,IAAI,CAAC,QAAQ,CAAC,kBAAkB,CAAC,CAAC;QACxE,IAAA,aAAM,EAAC,aAAa,CAAC,CAAC,EAAE,CAAC,KAAK,CAAC,GAAG,CAAC,EAAE,CAAC,IAAI,CAAC,QAAQ,CAAC,eAAe,CAAC,CAAC;QACrE,IAAA,aAAM,EAAC,aAAa,CAAC,CAAC,EAAE,CAAC,KAAK,CAAC,GAAG,CAAC,EAAE,CAAC,IAAI,CAAC,QAAQ,CAAC,YAAY,CAAC,CAAC;QAElE,gEAAgE;QAChE,MAAM,EAAE,gBAAgB,EAAE,UAAU,EAAE,GAAG,aAAc,CAAC;QACxD,MAAM,cAAc,GAAG,MAAM,WAAG,CAAC,mBAAmB,CAClD,gBAAgB,EAChB,UAAU,CACX,CAAC;QACF,IAAA,aAAM,EAAC,cAAc,CAAC,CAAC,EAAE,CAAC,KAAK,CAAC,GAAG,CAAC,EAAE,CAAC,IAAI,CAAC,QAAQ,CAClD,mCAAmC,CACpC,CAAC;IACJ,CAAC,CAAC,CAAC;IAEH,YAAI,CAAC,IAAI,CAAC,iCAAiC,EAAE,KAAK,IAAI,EAAE;QACtD,MAAM,UAAU,GAAG,MAAM,kBAAU,CAAC,GAAG,CAAC,aAAa,CAAC,iBAAiB,CAAC,CAAC;QACzE,MAAM,mBAAmB,GAAG,IAAA,sBAAc,EAAC,kBAAU,CAAC,KAAK,CAAC,CAAC;QAC7D,MAAM,gBAAgB,GAAG;YACvB,cAAc,EAAE,UAAU,CAAC,UAAU;YACrC,cAAc,EAAE,qBAAa;YAC7B,MAAM,EAAE,MAAM;YACd,QAAQ,EAAE,CAAC;YACX,mBAAmB;YACnB,cAAc;SACf,CAAC;QACF,MAAM,aAAa,GACjB,MAAM,kBAAU,CAAC,qBAAqB,CAAC,gBAAgB,CAAC,CAAC;QAC3D,IAAA,aAAM,EAAC,aAAa,CAAC,CAAC,EAAE,CAAC,KAAK,CAAC,GAAG,CAAC,EAAE,CAAC,IAAI,CAAC,QAAQ,CAAC,kBAAkB,CAAC,CAAC;QACxE,IAAA,aAAM,EAAC,aAAa,CAAC,CAAC,EAAE,CAAC,KAAK,CAAC,GAAG,CAAC,EAAE,CAAC,IAAI,CAAC,QAAQ,CAAC,eAAe,CAAC,CAAC;QACrE,IAAA,aAAM,EAAC,aAAa,CAAC,CAAC,EAAE,CAAC,KAAK,CAAC,GAAG,CAAC,EAAE,CAAC,IAAI,CAAC,QAAQ,CAAC,YAAY,CAAC,CAAC;QAElE,mFAAmF;QACnF,MAAM,EAAE,gBAAgB,EAAE,UAAU,EAAE,GAAG,aAAc,CAAC;QACxD,MAAM,cAAc,GAAG,MAAM,kBAAU,CAAC,mBAAmB,CACzD,gBAAgB,EAChB,UAAU,EACV,SAAS,EACT,SAAS,EACT,IAAI,CACL,CAAC;QACF,IAAA,aAAM,EAAC,cAAc,CAAC,CAAC,EAAE,CAAC,KAAK,CAAC,GAAG,CAAC,EAAE,CAAC,IAAI,CAAC,QAAQ,CAClD,mCAAmC,CACpC,CAAC;IACJ,CAAC,CAAC,CAAC;IAEH,IAAA,YAAI,EAAC,6BAA6B,EAAE,KAAK,IAAI,EAAE;QAC7C,MAAM,UAAU,GAAG,MAAM,WAAG,CAAC,GAAG,CAAC,aAAa,CAAC,eAAe,CAAC,CAAC;QAChE,MAAM,mBAAmB,GAAG,IAAA,sBAAc,EAAC,WAAG,CAAC,KAAK,CAAC,CAAC;QACtD,MAAM,gBAAgB,GAAG;YACvB,cAAc,EAAE,UAAU,CAAC,UAAU;YACrC,cAAc,EAAE,qBAAa;YAC7B,MAAM,EAAE,wBAAY;YACpB,QAAQ,EAAE,CAAC;YACX,mBAAmB;YACnB,SAAS,EAAE,MAAM;YACjB,UAAU,EAAE,gBAAgB;YAC5B,cAAc;SACf,CAAC;QACF,MAAM,aAAa,GAAG,MAAM,WAAG,CAAC,qBAAqB,CAAC,gBAAgB,CAAC,CAAC;QACxE,IAAA,aAAM,EAAC,aAAa,CAAC,CAAC,EAAE,CAAC,KAAK,CAAC,GAAG,CAAC,EAAE,CAAC,IAAI,CAAC,QAAQ,CAAC,eAAe,CAAC,CAAC;QACrE,IAAA,aAAM,EAAC,aAAa,EAAE,QAAQ,CAAC,KAAK,CAAC,CAAC,EAAE,CAAC,IAAI,CAAC,KAAK,CAAC;YAClD,IAAI,EAAE,MAAM;YACZ,KAAK,EAAE,gBAAgB;SACxB,CAAC,CAAC;IACL,CAAC,CAAC,CAAC;AACL,CAAC,CAAC,CAAC","sourcesContent":["import { expect } from \"chai\";\nimport { suite, test } from \"mocha\";\nimport {\n  LISTING_AMOUNT,\n  TOKEN_ADDRESS_MAINNET,\n  TOKEN_ADDRESS_POLYGON,\n  TOKEN_ID_MAINNET,\n  TOKEN_ID_POLYGON,\n  sdk,\n  sdkPolygon,\n  walletAddress,\n} from \"./setup\";\nimport { ENGLISH_AUCTION_ZONE_MAINNETS } from \"../../src/constants\";\nimport { getWETHAddress } from \"../../src/utils\";\nimport { OFFER_AMOUNT } from \"../utils/constants\";\nimport { expectValidOrder } from \"../utils/utils\";\n\nconst ONE_HOUR = Math.floor(Date.now() / 1000) + 3600;\nconst expirationTime = ONE_HOUR;\n\nsuite(\"SDK: order posting\", () => {\n  test(\"Post Offer - Mainnet\", async () => {\n    const offer = {\n      accountAddress: walletAddress,\n      startAmount: +OFFER_AMOUNT,\n      asset: {\n        tokenAddress: \"0x1a92f7381b9f03921564a437210bb9396471050c\",\n        tokenId: \"2288\",\n      },\n      expirationTime,\n    };\n    const order = await sdk.createOffer(offer);\n    expectValidOrder(order);\n    expect(order.expirationTime).to.equal(expirationTime);\n    expect(order.protocolData.parameters.endTime).to.equal(\n      expirationTime.toString(),\n    );\n  });\n\n  test(\"Post Offer - Polygon\", async () => {\n    const offer = {\n      accountAddress: walletAddress,\n      startAmount: +OFFER_AMOUNT,\n      asset: {\n        tokenAddress: \"0x1a92f7381b9f03921564a437210bb9396471050c\",\n        tokenId: \"2288\",\n      },\n      expirationTime,\n    };\n    const order = await sdk.createOffer(offer);\n    expectValidOrder(order);\n  });\n\n  test(\"Post Listing - Mainnet\", async function () {\n    if (!TOKEN_ADDRESS_MAINNET || !TOKEN_ID_MAINNET) {\n      this.skip();\n    }\n    const listing = {\n      accountAddress: walletAddress,\n      startAmount: LISTING_AMOUNT,\n      asset: {\n        tokenAddress: TOKEN_ADDRESS_MAINNET as string,\n        tokenId: TOKEN_ID_MAINNET as string,\n      },\n      expirationTime,\n    };\n    const order = await sdk.createListing(listing);\n    expectValidOrder(order);\n  });\n\n  test(\"Post English Auction Listing - Mainnet\", async function () {\n    // English auctions are no longer supported on OpenSea\n    this.skip();\n\n    if (!TOKEN_ADDRESS_MAINNET || !TOKEN_ID_MAINNET) {\n      this.skip();\n    }\n    const listing = {\n      accountAddress: walletAddress,\n      startAmount: LISTING_AMOUNT,\n      asset: {\n        tokenAddress: TOKEN_ADDRESS_MAINNET as string,\n        tokenId: TOKEN_ID_MAINNET as string,\n      },\n      englishAuction: true,\n      expirationTime,\n    };\n    try {\n      const order = await sdk.createListing(listing);\n      expectValidOrder(order);\n      expect(order.protocolData.parameters.zone.toLowerCase()).to.equal(\n        ENGLISH_AUCTION_ZONE_MAINNETS,\n      );\n      // eslint-disable-next-line @typescript-eslint/no-explicit-any\n    } catch (error: any) {\n      expect(\n        error.message.includes(\n          \"There is already a live auction for this item. You can only have one auction live at any time.\",\n        ),\n      );\n    }\n  });\n\n  test.skip(\"Post Listing - Polygon\", async function () {\n    const listing = {\n      accountAddress: walletAddress,\n      paymentTokenAddress: getWETHAddress(sdkPolygon.chain),\n      startAmount: +LISTING_AMOUNT * 1_000_000,\n      asset: {\n        tokenAddress: TOKEN_ADDRESS_POLYGON as string,\n        tokenId: TOKEN_ID_POLYGON as string,\n      },\n      expirationTime,\n    };\n    const order = await sdkPolygon.createListing(listing);\n    expectValidOrder(order);\n  });\n\n  test.skip(\"Post Collection Offer - Mainnet\", async () => {\n    const collection = await sdk.api.getCollection(\"cool-cats-nft\");\n    const paymentTokenAddress = getWETHAddress(sdk.chain);\n    const postOrderRequest = {\n      collectionSlug: collection.collection,\n      accountAddress: walletAddress,\n      amount: OFFER_AMOUNT,\n      quantity: 1,\n      paymentTokenAddress,\n      expirationTime,\n    };\n    const offerResponse = await sdk.createCollectionOffer(postOrderRequest);\n    expect(offerResponse).to.exist.and.to.have.property(\"protocol_address\");\n    expect(offerResponse).to.exist.and.to.have.property(\"protocol_data\");\n    expect(offerResponse).to.exist.and.to.have.property(\"order_hash\");\n\n    // Cancel the order using self serve API key tied to the offerer\n    const { protocol_address, order_hash } = offerResponse!;\n    const cancelResponse = await sdk.offchainCancelOrder(\n      protocol_address,\n      order_hash,\n    );\n    expect(cancelResponse).to.exist.and.to.have.property(\n      \"last_signature_issued_valid_until\",\n    );\n  });\n\n  test.skip(\"Post Collection Offer - Polygon\", async () => {\n    const collection = await sdkPolygon.api.getCollection(\"arttoken-1155-4\");\n    const paymentTokenAddress = getWETHAddress(sdkPolygon.chain);\n    const postOrderRequest = {\n      collectionSlug: collection.collection,\n      accountAddress: walletAddress,\n      amount: 0.0001,\n      quantity: 1,\n      paymentTokenAddress,\n      expirationTime,\n    };\n    const offerResponse =\n      await sdkPolygon.createCollectionOffer(postOrderRequest);\n    expect(offerResponse).to.exist.and.to.have.property(\"protocol_address\");\n    expect(offerResponse).to.exist.and.to.have.property(\"protocol_data\");\n    expect(offerResponse).to.exist.and.to.have.property(\"order_hash\");\n\n    // Cancel the order using the offerer signature, deriving it from the ethers signer\n    const { protocol_address, order_hash } = offerResponse!;\n    const cancelResponse = await sdkPolygon.offchainCancelOrder(\n      protocol_address,\n      order_hash,\n      undefined,\n      undefined,\n      true,\n    );\n    expect(cancelResponse).to.exist.and.to.have.property(\n      \"last_signature_issued_valid_until\",\n    );\n  });\n\n  test(\"Post Trait Offer - Ethereum\", async () => {\n    const collection = await sdk.api.getCollection(\"cool-cats-nft\");\n    const paymentTokenAddress = getWETHAddress(sdk.chain);\n    const postOrderRequest = {\n      collectionSlug: collection.collection,\n      accountAddress: walletAddress,\n      amount: OFFER_AMOUNT,\n      quantity: 1,\n      paymentTokenAddress,\n      traitType: \"face\",\n      traitValue: \"tvface bobross\",\n      expirationTime,\n    };\n    const offerResponse = await sdk.createCollectionOffer(postOrderRequest);\n    expect(offerResponse).to.exist.and.to.have.property(\"protocol_data\");\n    expect(offerResponse?.criteria.trait).to.deep.equal({\n      type: \"face\",\n      value: \"tvface bobross\",\n    });\n  });\n});\n"]},"_coverageSchema":"1a1c01bbd47fc00a2c39e90264f33305004495a9","hash":"078971a4dc033ccc2cd0d56e952c98240f9466d7","contentHash":"ef9bc46ed6dce86fdcd0211b38996d0c9d4338781cf0c8772d1d3537920e468e"},"/Users/rg/dev/opensea-js/test/utils/utils.ts":{"path":"/Users/rg/dev/opensea-js/test/utils/utils.ts","statementMap":{"0":{"start":{"line":2,"column":0},"end":{"line":2,"column":62}},"1":{"start":{"line":3,"column":0},"end":{"line":3,"column":34}},"2":{"start":{"line":4,"column":15},"end":{"line":4,"column":30}},"3":{"start":{"line":5,"column":25},"end":{"line":29,"column":1}},"4":{"start":{"line":6,"column":27},"end":{"line":25,"column":5}},"5":{"start":{"line":26,"column":4},"end":{"line":28,"column":5}},"6":{"start":{"line":27,"column":8},"end":{"line":27,"column":54}},"7":{"start":{"line":30,"column":0},"end":{"line":30,"column":44}}},"fnMap":{"0":{"name":"(anonymous_0)","decl":{"start":{"line":5,"column":25},"end":{"line":5,"column":26}},"loc":{"start":{"line":5,"column":36},"end":{"line":29,"column":1}},"line":5}},"branchMap":{},"s":{"0":1,"1":1,"2":1,"3":1,"4":3,"5":3,"6":54,"7":1},"f":{"0":3},"b":{},"inputSourceMap":{"version":3,"file":"/Users/rg/dev/opensea-js/test/utils/utils.ts","sources":["/Users/rg/dev/opensea-js/test/utils/utils.ts"],"names":[],"mappings":";;;AAAA,+BAA8B;AAGvB,MAAM,gBAAgB,GAAG,CAAC,KAAc,EAAE,EAAE;IACjD,MAAM,cAAc,GAAG;QACrB,aAAa;QACb,aAAa;QACb,aAAa;QACb,gBAAgB;QAChB,WAAW;QACX,OAAO;QACP,OAAO;QACP,cAAc;QACd,iBAAiB;QACjB,cAAc;QACd,WAAW;QACX,WAAW;QACX,MAAM;QACN,WAAW;QACX,WAAW;QACX,WAAW;QACX,eAAe;QACf,mBAAmB;KACpB,CAAC;IACF,KAAK,MAAM,KAAK,IAAI,cAAc,EAAE,CAAC;QACnC,IAAA,aAAM,EAAC,KAAK,IAAI,KAAK,CAAC,CAAC,EAAE,CAAC,EAAE,CAAC,IAAI,CAAC;IACpC,CAAC;AACH,CAAC,CAAC;AAxBW,QAAA,gBAAgB,oBAwB3B","sourcesContent":["import { expect } from \"chai\";\nimport { OrderV2 } from \"../../src/orders/types\";\n\nexport const expectValidOrder = (order: OrderV2) => {\n  const requiredFields = [\n    \"createdDate\",\n    \"closingDate\",\n    \"listingTime\",\n    \"expirationTime\",\n    \"orderHash\",\n    \"maker\",\n    \"taker\",\n    \"protocolData\",\n    \"protocolAddress\",\n    \"currentPrice\",\n    \"makerFees\",\n    \"takerFees\",\n    \"side\",\n    \"orderType\",\n    \"cancelled\",\n    \"finalized\",\n    \"markedInvalid\",\n    \"remainingQuantity\",\n  ];\n  for (const field of requiredFields) {\n    expect(field in order).to.be.true;\n  }\n};\n"]},"_coverageSchema":"1a1c01bbd47fc00a2c39e90264f33305004495a9","hash":"5fa1dcf944398971484cbc3a8f85c5c809debac6","contentHash":"a2df7f794b7588afdf0ab5d337c5ce690c16c7e57f5b3ec2a99d74042dd1a028"},"/Users/rg/dev/opensea-js/test/integration/wrapEth.spec.ts":{"path":"/Users/rg/dev/opensea-js/test/integration/wrapEth.spec.ts","statementMap":{"0":{"start":{"line":2,"column":0},"end":{"line":2,"column":62}},"1":{"start":{"line":3,"column":15},"end":{"line":3,"column":30}},"2":{"start":{"line":4,"column":17},"end":{"line":4,"column":34}},"3":{"start":{"line":5,"column":16},"end":{"line":5,"column":32}},"4":{"start":{"line":6,"column":16},"end":{"line":6,"column":34}},"5":{"start":{"line":7,"column":16},"end":{"line":7,"column":42}},"6":{"start":{"line":8,"column":16},"end":{"line":8,"column":42}},"7":{"start":{"line":9,"column":0},"end":{"line":43,"column":3}},"8":{"start":{"line":10,"column":4},"end":{"line":42,"column":22}},"9":{"start":{"line":11,"column":8},"end":{"line":13,"column":9}},"10":{"start":{"line":12,"column":12},"end":{"line":12,"column":24}},"11":{"start":{"line":14,"column":26},"end":{"line":18,"column":9}},"12":{"start":{"line":19,"column":36},"end":{"line":22,"column":10}},"13":{"start":{"line":23,"column":8},"end":{"line":26,"column":11}},"14":{"start":{"line":27,"column":34},"end":{"line":30,"column":10}},"15":{"start":{"line":31,"column":31},"end":{"line":31,"column":76}},"16":{"start":{"line":32,"column":8},"end":{"line":32,"column":111}},"17":{"start":{"line":33,"column":8},"end":{"line":36,"column":11}},"18":{"start":{"line":37,"column":33},"end":{"line":40,"column":10}},"19":{"start":{"line":41,"column":8},"end":{"line":41,"column":115}}},"fnMap":{"0":{"name":"(anonymous_0)","decl":{"start":{"line":9,"column":35},"end":{"line":9,"column":36}},"loc":{"start":{"line":9,"column":41},"end":{"line":43,"column":1}},"line":9},"1":{"name":"(anonymous_1)","decl":{"start":{"line":10,"column":45},"end":{"line":10,"column":46}},"loc":{"start":{"line":10,"column":63},"end":{"line":42,"column":5}},"line":10}},"branchMap":{"0":{"loc":{"start":{"line":11,"column":8},"end":{"line":13,"column":9}},"type":"if","locations":[{"start":{"line":11,"column":8},"end":{"line":13,"column":9}},{"start":{},"end":{}}],"line":11}},"s":{"0":1,"1":1,"2":1,"3":1,"4":1,"5":1,"6":1,"7":1,"8":1,"9":1,"10":1,"11":0,"12":0,"13":0,"14":0,"15":0,"16":0,"17":0,"18":0,"19":0},"f":{"0":1,"1":1},"b":{"0":[1,0]},"inputSourceMap":{"version":3,"file":"/Users/rg/dev/opensea-js/test/integration/wrapEth.spec.ts","sources":["/Users/rg/dev/opensea-js/test/integration/wrapEth.spec.ts"],"names":[],"mappings":";;AAAA,+BAA8B;AAC9B,mCAAoC;AACpC,iCAAuC;AACvC,mCAA0D;AAC1D,2CAAgD;AAChD,2CAAiD;AAEjD,IAAA,gBAAQ,EAAC,WAAW,EAAE,GAAG,EAAE;IACzB,IAAA,YAAI,EAAC,qBAAqB,EAAE,KAAK;QAC/B,IAAI,CAAC,mBAAW,EAAE,CAAC;YACjB,IAAI,CAAC,IAAI,EAAE,CAAC;QACd,CAAC;QAED,MAAM,SAAS,GAAG;YAChB,YAAY,EAAE,IAAA,sBAAc,EAAC,WAAG,CAAC,KAAK,CAAC;YACvC,OAAO,EAAE,IAAI;YACb,aAAa,EAAE,qBAAa,CAAC,KAAK;SACnC,CAAC;QACF,MAAM,mBAAmB,GAAG,MAAM,WAAG,CAAC,UAAU,CAAC;YAC/C,cAAc,EAAE,qBAAa;YAC7B,KAAK,EAAE,SAAS;SACjB,CAAC,CAAC;QAEH,MAAM,WAAG,CAAC,OAAO,CAAC;YAChB,WAAW,EAAE,mBAAW;YACxB,cAAc,EAAE,qBAAa;SAC9B,CAAC,CAAC;QAEH,MAAM,iBAAiB,GAAG,MAAM,WAAG,CAAC,UAAU,CAAC;YAC7C,cAAc,EAAE,qBAAa;YAC7B,KAAK,EAAE,SAAS;SACjB,CAAC,CAAC;QAEH,MAAM,cAAc,GAAG,IAAA,mBAAU,EAAC,mBAAW,CAAC,CAAC;QAE/C,aAAM,CAAC,KAAK,CACV,mBAAmB,GAAG,cAAc,EACpC,iBAAiB,EACjB,wBAAwB,CACzB,CAAC;QAEF,MAAM,WAAG,CAAC,UAAU,CAAC;YACnB,WAAW,EAAE,mBAAW;YACxB,cAAc,EAAE,qBAAa;SAC9B,CAAC,CAAC;QAEH,MAAM,gBAAgB,GAAG,MAAM,WAAG,CAAC,UAAU,CAAC;YAC5C,cAAc,EAAE,qBAAa;YAC7B,KAAK,EAAE,SAAS;SACjB,CAAC,CAAC;QACH,aAAM,CAAC,KAAK,CACV,mBAAmB,CAAC,QAAQ,EAAE,EAC9B,gBAAgB,CAAC,QAAQ,EAAE,EAC3B,wBAAwB,CACzB,CAAC;IACJ,CAAC,CAAC,CAAC,OAAO,CAAC,KAAK,CAAC,CAAC;AACpB,CAAC,CAAC,CAAC","sourcesContent":["import { assert } from \"chai\";\nimport { parseEther } from \"ethers\";\nimport { describe, test } from \"mocha\";\nimport { ETH_TO_WRAP, sdk, walletAddress } from \"./setup\";\nimport { TokenStandard } from \"../../src/types\";\nimport { getWETHAddress } from \"../../src/utils\";\n\ndescribe(\"SDK: WETH\", () => {\n  test(\"Wrap ETH and Unwrap\", async function () {\n    if (!ETH_TO_WRAP) {\n      this.skip();\n    }\n\n    const wethAsset = {\n      tokenAddress: getWETHAddress(sdk.chain),\n      tokenId: null,\n      tokenStandard: TokenStandard.ERC20,\n    };\n    const startingWethBalance = await sdk.getBalance({\n      accountAddress: walletAddress,\n      asset: wethAsset,\n    });\n\n    await sdk.wrapEth({\n      amountInEth: ETH_TO_WRAP,\n      accountAddress: walletAddress,\n    });\n\n    const endingWethBalance = await sdk.getBalance({\n      accountAddress: walletAddress,\n      asset: wethAsset,\n    });\n\n    const ethToWrapInWei = parseEther(ETH_TO_WRAP);\n\n    assert.equal(\n      startingWethBalance + ethToWrapInWei,\n      endingWethBalance,\n      \"Balances should match.\",\n    );\n\n    await sdk.unwrapWeth({\n      amountInEth: ETH_TO_WRAP,\n      accountAddress: walletAddress,\n    });\n\n    const finalWethBalance = await sdk.getBalance({\n      accountAddress: walletAddress,\n      asset: wethAsset,\n    });\n    assert.equal(\n      startingWethBalance.toString(),\n      finalWethBalance.toString(),\n      \"Balances should match.\",\n    );\n  }).timeout(30000);\n});\n"]},"_coverageSchema":"1a1c01bbd47fc00a2c39e90264f33305004495a9","hash":"276fc03440d73716c698c9c7f94789ad0b410c32","contentHash":"38c8386d5082ab6bd05a0afeee43596b971f1432d930742af2ba5d014e788405"}}